[INFO    ] Setting up logfile :  astrodrizzle.log
[INFO    ] AstroDrizzle Version 3.1.6 (2020-02-19 16:16:30 -0500) started at: 13:42:38.607 (25/08/2020)
[INFO    ] 
[INFO    ] Version Information
[INFO    ] --------------------
[INFO    ] Python Version [Clang 9.0.1 ]
[INFO    ] 3.7.6 | packaged by conda-forge | (default, Jun  1 2020, 18:33:30) 
[INFO    ] numpy Version -> 1.18.5 
[INFO    ] astropy Version -> 4.0.1.post1 
[INFO    ] stwcs Version -> 1.5.3 
[INFO    ] ==== Processing Step  Initialization  started at  13:42:38.610 (25/08/2020)
[INFO    ] 
[INFO    ] Executing serially
[INFO    ] Setting up output name: X01_202002_G102_drz.fits
[INFO    ] -Creating imageObject List as input for processing steps.
[INFO    ] Reading in MDRIZSKY of 0.05990348839928702
[INFO    ] Reading in MDRIZSKY of 0.02472564662426895
[INFO    ] Reading in MDRIZSKY of 0.000578960192880738
[INFO    ] Reading in MDRIZSKY of 0.05324395735399921
[INFO    ] Reading in MDRIZSKY of 0.02140770539409169
[INFO    ] Reading in MDRIZSKY of 0.0
[INFO    ] Reset bit values of 4096 to a value of 0 in /Users/kbhirombhakdi/_work/Sidekicks/20200825/ie8a01jvq_X01_202002_G102/ie8a01jvq_flt.fits[DQ,1]
[INFO    ] Reset bit values of 4096 to a value of 0 in /Users/kbhirombhakdi/_work/Sidekicks/20200825/ie8a01jxq_X01_202002_G102/ie8a01jxq_flt.fits[DQ,1]
[INFO    ] Reset bit values of 4096 to a value of 0 in /Users/kbhirombhakdi/_work/Sidekicks/20200825/ie8a01jyq_X01_202002_G102/ie8a01jyq_flt.fits[DQ,1]
[INFO    ] Reset bit values of 4096 to a value of 0 in /Users/kbhirombhakdi/_work/Sidekicks/20200825/ie8a01k1q_X01_202002_G102/ie8a01k1q_flt.fits[DQ,1]
[INFO    ] Reset bit values of 4096 to a value of 0 in /Users/kbhirombhakdi/_work/Sidekicks/20200825/ie8a01k3q_X01_202002_G102/ie8a01k3q_flt.fits[DQ,1]
[INFO    ] Reset bit values of 4096 to a value of 0 in /Users/kbhirombhakdi/_work/Sidekicks/20200825/ie8a01k4q_X01_202002_G102/ie8a01k4q_flt.fits[DQ,1]
[INFO    ] -Creating output WCS.
[INFO    ] Creating OUTPUT WCS from ./ie8a01jvq_X01_202002_G102/ie8a01jvq_flt.fits[1]
[INFO    ] WCS Keywords
[INFO    ] 
[INFO    ] CD_11  CD_12: -1.9929605998518e-05 -2.8555491417348e-05
[INFO    ] CD_21  CD_22: -3.1903796927917e-05 1.7705437444501e-05
[INFO    ] CRVAL    : 44.532901104955 -8.9614767570276
[INFO    ] CRPIX    : 507.0 507.0
[INFO    ] NAXIS    : 1014 1014
[INFO    ] Plate Scale : 0.13542133229153427
[INFO    ] ORIENTAT : -58.19959036736756
[INFO    ] ********************************************************************************
[INFO    ] *
[INFO    ] *  Estimated memory usage:  up to 117 Mb.
[INFO    ] *  Output image size:       1014 X 1014 pixels. 
[INFO    ] *  Output image file:       ~ 11 Mb. 
[INFO    ] *  Cores available:         6
[INFO    ] *
[INFO    ] ********************************************************************************
[INFO    ] ==== Processing Step Initialization finished at 13:42:39.761 (25/08/2020)
[INFO    ] USER INPUT PARAMETERS common to all Processing Steps:
[INFO    ] 	build :	True
[INFO    ] 	coeffs :	True
[INFO    ] 	context :	True
[INFO    ] 	crbit :	4096
[INFO    ] 	group :	
[INFO    ] 	in_memory :	False
[INFO    ] 	input :	['./ie8a01jvq_X01_202002_G102/ie8a01jvq_flt.fits', './ie8a01jxq_X01_202002_G102/ie8a01jxq_flt.fits', './ie8a01jyq_X01_202002_G102/ie8a01jyq_flt.fits', './ie8a01k1q_X01_202002_G102/ie8a01k1q_flt.fits', './ie8a01k3q_X01_202002_G102/ie8a01k3q_flt.fits', './ie8a01k4q_X01_202002_G102/ie8a01k4q_flt.fits']
[INFO    ] 	mdriztab :	False
[INFO    ] 	num_cores :	None
[INFO    ] 	output :	X01_202002_G102
[INFO    ] 	proc_unit :	native
[INFO    ] 	resetbits :	4096
[INFO    ] 	runfile :	astrodrizzle.log
[INFO    ] 	stepsize :	10
[INFO    ] 	updatewcs :	False
[INFO    ] 	wcskey :	
[INFO    ] ==== Processing Step  Static Mask  started at  13:42:39.764 (25/08/2020)
[INFO    ] 
[INFO    ] Static Mask step not performed.
[INFO    ] ==== Processing Step Static Mask finished at 13:42:39.767 (25/08/2020)
[INFO    ] ==== Processing Step  Subtract Sky  started at  13:42:39.769 (25/08/2020)
[INFO    ] 
[INFO    ] USER INPUT PARAMETERS for Sky Subtraction Step:
[INFO    ] 	sky_bits :	0
[INFO    ] 	skyclip :	5
[INFO    ] 	skyfile :	
[INFO    ] 	skylower :	None
[INFO    ] 	skylsigma :	4.0
[INFO    ] 	skymask_cat :	
[INFO    ] 	skymethod :	localmin
[INFO    ] 	skystat :	median
[INFO    ] 	skysub :	True
[INFO    ] 	skyupper :	None
[INFO    ] 	skyuser :	
[INFO    ] 	skyusigma :	4.0
[INFO    ] 	skywidth :	0.1
[INFO    ] 	use_static :	True
[WARNING ] Static mask for file '/Users/kbhirombhakdi/_work/Sidekicks/20200825/ie8a01jvq_X01_202002_G102/ie8a01jvq_flt.fits', ext=('SCI', 1) NOT FOUND.
[WARNING ] Static mask for file '/Users/kbhirombhakdi/_work/Sidekicks/20200825/ie8a01jxq_X01_202002_G102/ie8a01jxq_flt.fits', ext=('SCI', 1) NOT FOUND.
[WARNING ] Static mask for file '/Users/kbhirombhakdi/_work/Sidekicks/20200825/ie8a01jyq_X01_202002_G102/ie8a01jyq_flt.fits', ext=('SCI', 1) NOT FOUND.
[WARNING ] Static mask for file '/Users/kbhirombhakdi/_work/Sidekicks/20200825/ie8a01k1q_X01_202002_G102/ie8a01k1q_flt.fits', ext=('SCI', 1) NOT FOUND.
[WARNING ] Static mask for file '/Users/kbhirombhakdi/_work/Sidekicks/20200825/ie8a01k3q_X01_202002_G102/ie8a01k3q_flt.fits', ext=('SCI', 1) NOT FOUND.
[WARNING ] Static mask for file '/Users/kbhirombhakdi/_work/Sidekicks/20200825/ie8a01k4q_X01_202002_G102/ie8a01k4q_flt.fits', ext=('SCI', 1) NOT FOUND.
[INFO    ] ***** skymatch started on 2020-08-25 13:42:39.903277
[INFO    ]       Version 1.0.5
[INFO    ] 
[INFO    ] 'skymatch' task will apply computed sky differences to input image file(s).
[INFO    ] 
[INFO    ] NOTE: Computed sky values WILL NOT be subtracted from image data ('subtractsky'=False).
[INFO    ] 'MDRIZSKY' header keyword will represent sky value *computed* from data.
[INFO    ] 
[INFO    ] -----  User specified keywords:  -----
[INFO    ]        Sky Value Keyword:  'MDRIZSKY'
[INFO    ]        Data Units Keyword: 'BUNIT'
[INFO    ] 
[INFO    ] 
[INFO    ] -----  Input file list:  -----
[INFO    ] 
[INFO    ]    **  Input image: 'ie8a01jvq_flt.fits'
[INFO    ]        EXT: 'SCI',1;	MASK: ie8a01jvq_skymatch_mask_sci1.fits[0]
[INFO    ] 
[INFO    ]    **  Input image: 'ie8a01jxq_flt.fits'
[INFO    ]        EXT: 'SCI',1;	MASK: ie8a01jxq_skymatch_mask_sci1.fits[0]
[INFO    ] 
[INFO    ]    **  Input image: 'ie8a01jyq_flt.fits'
[INFO    ]        EXT: 'SCI',1;	MASK: ie8a01jyq_skymatch_mask_sci1.fits[0]
[INFO    ] 
[INFO    ]    **  Input image: 'ie8a01k1q_flt.fits'
[INFO    ]        EXT: 'SCI',1;	MASK: ie8a01k1q_skymatch_mask_sci1.fits[0]
[INFO    ] 
[INFO    ]    **  Input image: 'ie8a01k3q_flt.fits'
[INFO    ]        EXT: 'SCI',1;	MASK: ie8a01k3q_skymatch_mask_sci1.fits[0]
[INFO    ] 
[INFO    ]    **  Input image: 'ie8a01k4q_flt.fits'
[INFO    ]        EXT: 'SCI',1;	MASK: ie8a01k4q_skymatch_mask_sci1.fits[0]
[INFO    ] 
[INFO    ] -----  Sky statistics parameters:  -----
[INFO    ]        statistics function: 'median'
[INFO    ]        lower = None
[INFO    ]        upper = None
[INFO    ]        nclip = 5
[INFO    ]        lsigma = 4.0
[INFO    ]        usigma = 4.0
[INFO    ]        binwidth = 0.1
[INFO    ] 
[INFO    ] -----  Data->Brightness conversion parameters for input files:  -----
[INFO    ] 
[INFO    ]    *   Image: ie8a01jvq_flt.fits
[INFO    ]        EXT = 'SCI',1
[INFO    ]              Data units type: COUNT-RATE
[INFO    ]              Conversion factor (data->brightness):  60.797431635711504
[INFO    ] 
[INFO    ]    *   Image: ie8a01jxq_flt.fits
[INFO    ]        EXT = 'SCI',1
[INFO    ]              Data units type: COUNT-RATE
[INFO    ]              Conversion factor (data->brightness):  60.797431635711504
[INFO    ] 
[INFO    ]    *   Image: ie8a01jyq_flt.fits
[INFO    ]        EXT = 'SCI',1
[INFO    ]              Data units type: COUNT-RATE
[INFO    ]              Conversion factor (data->brightness):  60.797431635711504
[INFO    ] 
[INFO    ]    *   Image: ie8a01k1q_flt.fits
[INFO    ]        EXT = 'SCI',1
[INFO    ]              Data units type: COUNT-RATE
[INFO    ]              Conversion factor (data->brightness):  60.797431635711504
[INFO    ] 
[INFO    ]    *   Image: ie8a01k3q_flt.fits
[INFO    ]        EXT = 'SCI',1
[INFO    ]              Data units type: COUNT-RATE
[INFO    ]              Conversion factor (data->brightness):  60.797431635711504
[INFO    ] 
[INFO    ]    *   Image: ie8a01k4q_flt.fits
[INFO    ]        EXT = 'SCI',1
[INFO    ]              Data units type: COUNT-RATE
[INFO    ]              Conversion factor (data->brightness):  60.797431635711504
[INFO    ] 
[INFO    ] 
[INFO    ] -----  Computing sky values requested image extensions (detector chips):  -----
[INFO    ] 
[INFO    ]    *   Image:   'ie8a01jvq_flt.fits['SCI',1]'  --  SKY = 50.738240684260575 (brightness units)
[INFO    ]        Sky change (data units):
[INFO    ]       - EXT = 'SCI',1   delta(MDRIZSKY) = 0.834546   NEW MDRIZSKY = 0.834546
[INFO    ]    *   Image:   'ie8a01jxq_flt.fits['SCI',1]'  --  SKY = 48.61947547724791 (brightness units)
[INFO    ]        Sky change (data units):
[INFO    ]       - EXT = 'SCI',1   delta(MDRIZSKY) = 0.799696   NEW MDRIZSKY = 0.799696
[INFO    ]    *   Image:   'ie8a01jyq_flt.fits['SCI',1]'  --  SKY = 47.18422955959149 (brightness units)
[INFO    ]        Sky change (data units):
[INFO    ]       - EXT = 'SCI',1   delta(MDRIZSKY) = 0.776089   NEW MDRIZSKY = 0.776089
[INFO    ]    *   Image:   'ie8a01k1q_flt.fits['SCI',1]'  --  SKY = 50.62277524802796 (brightness units)
[INFO    ]        Sky change (data units):
[INFO    ]       - EXT = 'SCI',1   delta(MDRIZSKY) = 0.832647   NEW MDRIZSKY = 0.832647
[INFO    ]    *   Image:   'ie8a01k3q_flt.fits['SCI',1]'  --  SKY = 48.32696883688688 (brightness units)
[INFO    ]        Sky change (data units):
[INFO    ]       - EXT = 'SCI',1   delta(MDRIZSKY) = 0.794885   NEW MDRIZSKY = 0.794885
[INFO    ]    *   Image:   'ie8a01k4q_flt.fits['SCI',1]'  --  SKY = 47.238188080305285 (brightness units)
[INFO    ]        Sky change (data units):
[INFO    ]       - EXT = 'SCI',1   delta(MDRIZSKY) = 0.776977   NEW MDRIZSKY = 0.776977
[INFO    ] ***** skymatch ended on 2020-08-25 13:42:40.376479
[INFO    ] TOTAL RUN TIME: 0:00:00.473202
[INFO    ] ==== Processing Step Subtract Sky finished at 13:42:40.501 (25/08/2020)
[INFO    ] ==== Processing Step  Separate Drizzle  started at  13:42:40.503 (25/08/2020)
[INFO    ] 
[INFO    ] Interpreted paramDict with single=True as:
{'build': True, 'stepsize': 10, 'coeffs': True, 'wcskey': '', 'kernel': 'turbo', 'wt_scl': 'exptime', 'pixfrac': 1.0, 'fillval': None, 'bits': 0, 'compress': False, 'units': 'cps'}
[INFO    ] USER INPUT PARAMETERS for Separate Drizzle Step:
[INFO    ] 	bits :	0
[INFO    ] 	build :	False
[INFO    ] 	clean :	True
[INFO    ] 	coeffs :	True
[INFO    ] 	compress :	False
[INFO    ] 	crbit :	None
[INFO    ] 	fillval :	None
[INFO    ] 	kernel :	turbo
[INFO    ] 	num_cores :	None
[INFO    ] 	pixfrac :	1.0
[INFO    ] 	proc_unit :	electrons
[INFO    ] 	stepsize :	10
[INFO    ] 	units :	cps
[INFO    ] 	wcskey :	
[INFO    ] 	wht_type :	None
[INFO    ] 	wt_scl :	exptime
[INFO    ]   **Using sub-sampling value of 10 for kernel turbo
[INFO    ] Running Drizzle to create output frame with WCS of: 
[INFO    ] WCS Keywords
[INFO    ] 
[INFO    ] Number of WCS axes: 2
[INFO    ] CTYPE : 'RA---TAN'  'DEC--TAN'  
[INFO    ] CRVAL : 44.533178522086715  -8.961165107251905  
[INFO    ] CRPIX : 556.5  490.5  
[INFO    ] CD1_1 CD1_2  : -1.8967497918804108e-05  -3.0155840302080355e-05  
[INFO    ] CD2_1 CD2_2  : -3.0155840302080355e-05  1.8967497918804108e-05  
[INFO    ] NAXIS : 1113  981
[INFO    ] Executing 6 parallel workers
[INFO    ] -Drizzle input: /Users/kbhirombhakdi/_work/Sidekicks/20200825/ie8a01jvq_X01_202002_G102/ie8a01jvq_flt.fits[sci,1]
[INFO    ] -Drizzle input: /Users/kbhirombhakdi/_work/Sidekicks/20200825/ie8a01jxq_X01_202002_G102/ie8a01jxq_flt.fits[sci,1]
[INFO    ] -Drizzle input: /Users/kbhirombhakdi/_work/Sidekicks/20200825/ie8a01jyq_X01_202002_G102/ie8a01jyq_flt.fits[sci,1]
[INFO    ] -Drizzle input: /Users/kbhirombhakdi/_work/Sidekicks/20200825/ie8a01k1q_X01_202002_G102/ie8a01k1q_flt.fits[sci,1]
[INFO    ] -Drizzle input: /Users/kbhirombhakdi/_work/Sidekicks/20200825/ie8a01k3q_X01_202002_G102/ie8a01k3q_flt.fits[sci,1]
[INFO    ] -Drizzle input: /Users/kbhirombhakdi/_work/Sidekicks/20200825/ie8a01k4q_X01_202002_G102/ie8a01k4q_flt.fits[sci,1]
[INFO    ] Applying sky value of 0.834546 to /Users/kbhirombhakdi/_work/Sidekicks/20200825/ie8a01jvq_X01_202002_G102/ie8a01jvq_flt.fits[sci,1]
[INFO    ] Applying sky value of 0.799696 to /Users/kbhirombhakdi/_work/Sidekicks/20200825/ie8a01jxq_X01_202002_G102/ie8a01jxq_flt.fits[sci,1]
[INFO    ] Applying sky value of 0.776089 to /Users/kbhirombhakdi/_work/Sidekicks/20200825/ie8a01jyq_X01_202002_G102/ie8a01jyq_flt.fits[sci,1]
[INFO    ] Applying sky value of 0.832647 to /Users/kbhirombhakdi/_work/Sidekicks/20200825/ie8a01k1q_X01_202002_G102/ie8a01k1q_flt.fits[sci,1]
[INFO    ] Using WCSLIB-based coordinate transformation...
[INFO    ] stepsize = 10
[INFO    ] Using WCSLIB-based coordinate transformation...
[INFO    ] stepsize = 10
[INFO    ] Applying sky value of 0.794885 to /Users/kbhirombhakdi/_work/Sidekicks/20200825/ie8a01k3q_X01_202002_G102/ie8a01k3q_flt.fits[sci,1]
[INFO    ] -Drizzling using kernel = turbo

[INFO    ] Applying sky value of 0.776977 to /Users/kbhirombhakdi/_work/Sidekicks/20200825/ie8a01k4q_X01_202002_G102/ie8a01k4q_flt.fits[sci,1]
[INFO    ] -Drizzling using kernel = turbo

[INFO    ] Using WCSLIB-based coordinate transformation...
[INFO    ] stepsize = 10
[INFO    ] Using WCSLIB-based coordinate transformation...
[INFO    ] stepsize = 10
[INFO    ] -Drizzling using kernel = turbo

[INFO    ] -Drizzling using kernel = turbo

[INFO    ] Using WCSLIB-based coordinate transformation...
[INFO    ] stepsize = 10
[INFO    ] Using WCSLIB-based coordinate transformation...
[INFO    ] stepsize = 10
[INFO    ] -Drizzling using kernel = turbo

[INFO    ] -Drizzling using kernel = turbo

[INFO    ] -Generating simple FITS output: /Users/kbhirombhakdi/_work/Sidekicks/20200825/ie8a01jxq_X01_202002_G102/ie8a01jxq_single_sci.fits
[INFO    ] -Generating simple FITS output: /Users/kbhirombhakdi/_work/Sidekicks/20200825/ie8a01jvq_X01_202002_G102/ie8a01jvq_single_sci.fits
[INFO    ] -Generating simple FITS output: /Users/kbhirombhakdi/_work/Sidekicks/20200825/ie8a01k1q_X01_202002_G102/ie8a01k1q_single_sci.fits
[INFO    ] -Generating simple FITS output: /Users/kbhirombhakdi/_work/Sidekicks/20200825/ie8a01k3q_X01_202002_G102/ie8a01k3q_single_sci.fits
[INFO    ] -Generating simple FITS output: /Users/kbhirombhakdi/_work/Sidekicks/20200825/ie8a01jyq_X01_202002_G102/ie8a01jyq_single_sci.fits
[INFO    ] -Generating simple FITS output: /Users/kbhirombhakdi/_work/Sidekicks/20200825/ie8a01k4q_X01_202002_G102/ie8a01k4q_single_sci.fits
[WARNING ] /Users/kbhirombhakdi/anaconda3/envs/py3/lib/python3.7/site-packages/astropy/io/fits/card.py:1003: VerifyWarning: Card is too long, comment will be truncated.
  VerifyWarning)

[WARNING ] /Users/kbhirombhakdi/anaconda3/envs/py3/lib/python3.7/site-packages/astropy/io/fits/card.py:1003: VerifyWarning: Card is too long, comment will be truncated.
  VerifyWarning)

[WARNING ] /Users/kbhirombhakdi/anaconda3/envs/py3/lib/python3.7/site-packages/astropy/io/fits/card.py:1003: VerifyWarning: Card is too long, comment will be truncated.
  VerifyWarning)

[WARNING ] /Users/kbhirombhakdi/anaconda3/envs/py3/lib/python3.7/site-packages/astropy/io/fits/card.py:1003: VerifyWarning: Card is too long, comment will be truncated.
  VerifyWarning)

[WARNING ] /Users/kbhirombhakdi/anaconda3/envs/py3/lib/python3.7/site-packages/astropy/io/fits/card.py:1003: VerifyWarning: Card is too long, comment will be truncated.
  VerifyWarning)

[WARNING ] /Users/kbhirombhakdi/anaconda3/envs/py3/lib/python3.7/site-packages/astropy/io/fits/card.py:1003: VerifyWarning: Card is too long, comment will be truncated.
  VerifyWarning)

[INFO    ] Writing out image to disk: /Users/kbhirombhakdi/_work/Sidekicks/20200825/ie8a01jxq_X01_202002_G102/ie8a01jxq_single_sci.fits
[INFO    ] Writing out image to disk: /Users/kbhirombhakdi/_work/Sidekicks/20200825/ie8a01k1q_X01_202002_G102/ie8a01k1q_single_sci.fits
[INFO    ] Writing out image to disk: /Users/kbhirombhakdi/_work/Sidekicks/20200825/ie8a01jvq_X01_202002_G102/ie8a01jvq_single_sci.fits
[INFO    ] Writing out image to disk: /Users/kbhirombhakdi/_work/Sidekicks/20200825/ie8a01jyq_X01_202002_G102/ie8a01jyq_single_sci.fits
[INFO    ] Writing out image to disk: /Users/kbhirombhakdi/_work/Sidekicks/20200825/ie8a01k3q_X01_202002_G102/ie8a01k3q_single_sci.fits
[INFO    ] Writing out image to disk: /Users/kbhirombhakdi/_work/Sidekicks/20200825/ie8a01k4q_X01_202002_G102/ie8a01k4q_single_sci.fits
[INFO    ] Writing out image to disk: /Users/kbhirombhakdi/_work/Sidekicks/20200825/ie8a01jxq_X01_202002_G102/ie8a01jxq_single_wht.fits
[INFO    ] Writing out image to disk: /Users/kbhirombhakdi/_work/Sidekicks/20200825/ie8a01jyq_X01_202002_G102/ie8a01jyq_single_wht.fits
[INFO    ] Writing out image to disk: /Users/kbhirombhakdi/_work/Sidekicks/20200825/ie8a01jvq_X01_202002_G102/ie8a01jvq_single_wht.fits
[INFO    ] Writing out image to disk: /Users/kbhirombhakdi/_work/Sidekicks/20200825/ie8a01k1q_X01_202002_G102/ie8a01k1q_single_wht.fits
[INFO    ] Writing out image to disk: /Users/kbhirombhakdi/_work/Sidekicks/20200825/ie8a01k4q_X01_202002_G102/ie8a01k4q_single_wht.fits
[INFO    ] Writing out image to disk: /Users/kbhirombhakdi/_work/Sidekicks/20200825/ie8a01k3q_X01_202002_G102/ie8a01k3q_single_wht.fits
[INFO    ] ==== Processing Step Separate Drizzle finished at 13:42:41.558 (25/08/2020)
[INFO    ] ==== Processing Step  Create Median  started at  13:42:41.563 (25/08/2020)
[INFO    ] 
[INFO    ] USER INPUT PARAMETERS for Create Median Step:
[INFO    ] 	combine_bufsize :	None
[INFO    ] 	combine_grow :	1
[INFO    ] 	combine_hthresh :	None
[INFO    ] 	combine_lthresh :	None
[INFO    ] 	combine_maskpt :	0.3
[INFO    ] 	combine_nhigh :	1
[INFO    ] 	combine_nlow :	0
[INFO    ] 	combine_nsigma :	4 3
[INFO    ] 	combine_type :	median
[INFO    ] 	compress :	False
[INFO    ] 	median :	True
[INFO    ] 	median_newmasks :	True
[INFO    ] 	proc_unit :	native
[INFO    ] reference sky value for image '/Users/kbhirombhakdi/_work/Sidekicks/20200825/ie8a01jvq_X01_202002_G102/ie8a01jvq_flt.fits' is 583.5415257224122
[INFO    ] reference sky value for image '/Users/kbhirombhakdi/_work/Sidekicks/20200825/ie8a01jxq_X01_202002_G102/ie8a01jxq_flt.fits' is 559.1735644988124
[INFO    ] reference sky value for image '/Users/kbhirombhakdi/_work/Sidekicks/20200825/ie8a01jyq_X01_202002_G102/ie8a01jyq_flt.fits' is 542.6667723577933
[INFO    ] reference sky value for image '/Users/kbhirombhakdi/_work/Sidekicks/20200825/ie8a01k1q_X01_202002_G102/ie8a01k1q_flt.fits' is 582.2135554199597
[INFO    ] reference sky value for image '/Users/kbhirombhakdi/_work/Sidekicks/20200825/ie8a01k3q_X01_202002_G102/ie8a01k3q_flt.fits' is 555.8094397499391
[INFO    ] reference sky value for image '/Users/kbhirombhakdi/_work/Sidekicks/20200825/ie8a01k4q_X01_202002_G102/ie8a01k4q_flt.fits' is 465.5894429512064
[INFO    ] Saving output median image to: 'X01_202002_G102_med.fits'
[INFO    ] ==== Processing Step Create Median finished at 13:42:42.48 (25/08/2020)
[INFO    ] ==== Processing Step  Blot  started at  13:42:42.488 (25/08/2020)
[INFO    ] 
[INFO    ] USER INPUT PARAMETERS for Blot Step:
[INFO    ] 	blot_addsky :	True
[INFO    ] 	blot_interp :	poly5
[INFO    ] 	blot_sinscl :	1.0
[INFO    ] 	blot_skyval :	0.0
[INFO    ] 	coeffs :	True
[INFO    ]     Blot: creating blotted image:  /Users/kbhirombhakdi/_work/Sidekicks/20200825/ie8a01jvq_X01_202002_G102/ie8a01jvq_flt.fits[sci,1]
[INFO    ] Using default C-based coordinate transformation...
[INFO    ] Applying sky value of 0.834546 to blotted image /Users/kbhirombhakdi/_work/Sidekicks/20200825/ie8a01jvq_X01_202002_G102/ie8a01jvq_flt.fits[sci,1]
[INFO    ] -Generating simple FITS output: /Users/kbhirombhakdi/_work/Sidekicks/20200825/ie8a01jvq_X01_202002_G102/ie8a01jvq_sci1_blt.fits
[INFO    ] Writing out image to disk: /Users/kbhirombhakdi/_work/Sidekicks/20200825/ie8a01jvq_X01_202002_G102/ie8a01jvq_sci1_blt.fits
[INFO    ]     Blot: creating blotted image:  /Users/kbhirombhakdi/_work/Sidekicks/20200825/ie8a01jxq_X01_202002_G102/ie8a01jxq_flt.fits[sci,1]
[INFO    ] Using default C-based coordinate transformation...
[INFO    ] Applying sky value of 0.799696 to blotted image /Users/kbhirombhakdi/_work/Sidekicks/20200825/ie8a01jxq_X01_202002_G102/ie8a01jxq_flt.fits[sci,1]
[INFO    ] -Generating simple FITS output: /Users/kbhirombhakdi/_work/Sidekicks/20200825/ie8a01jxq_X01_202002_G102/ie8a01jxq_sci1_blt.fits
[INFO    ] Writing out image to disk: /Users/kbhirombhakdi/_work/Sidekicks/20200825/ie8a01jxq_X01_202002_G102/ie8a01jxq_sci1_blt.fits
[INFO    ]     Blot: creating blotted image:  /Users/kbhirombhakdi/_work/Sidekicks/20200825/ie8a01jyq_X01_202002_G102/ie8a01jyq_flt.fits[sci,1]
[INFO    ] Using default C-based coordinate transformation...
[INFO    ] Applying sky value of 0.776089 to blotted image /Users/kbhirombhakdi/_work/Sidekicks/20200825/ie8a01jyq_X01_202002_G102/ie8a01jyq_flt.fits[sci,1]
[INFO    ] -Generating simple FITS output: /Users/kbhirombhakdi/_work/Sidekicks/20200825/ie8a01jyq_X01_202002_G102/ie8a01jyq_sci1_blt.fits
[INFO    ] Writing out image to disk: /Users/kbhirombhakdi/_work/Sidekicks/20200825/ie8a01jyq_X01_202002_G102/ie8a01jyq_sci1_blt.fits
[INFO    ]     Blot: creating blotted image:  /Users/kbhirombhakdi/_work/Sidekicks/20200825/ie8a01k1q_X01_202002_G102/ie8a01k1q_flt.fits[sci,1]
[INFO    ] Using default C-based coordinate transformation...
[INFO    ] Applying sky value of 0.832647 to blotted image /Users/kbhirombhakdi/_work/Sidekicks/20200825/ie8a01k1q_X01_202002_G102/ie8a01k1q_flt.fits[sci,1]
[INFO    ] -Generating simple FITS output: /Users/kbhirombhakdi/_work/Sidekicks/20200825/ie8a01k1q_X01_202002_G102/ie8a01k1q_sci1_blt.fits
[INFO    ] Writing out image to disk: /Users/kbhirombhakdi/_work/Sidekicks/20200825/ie8a01k1q_X01_202002_G102/ie8a01k1q_sci1_blt.fits
[INFO    ]     Blot: creating blotted image:  /Users/kbhirombhakdi/_work/Sidekicks/20200825/ie8a01k3q_X01_202002_G102/ie8a01k3q_flt.fits[sci,1]
[INFO    ] Using default C-based coordinate transformation...
[INFO    ] Applying sky value of 0.794885 to blotted image /Users/kbhirombhakdi/_work/Sidekicks/20200825/ie8a01k3q_X01_202002_G102/ie8a01k3q_flt.fits[sci,1]
[INFO    ] -Generating simple FITS output: /Users/kbhirombhakdi/_work/Sidekicks/20200825/ie8a01k3q_X01_202002_G102/ie8a01k3q_sci1_blt.fits
[INFO    ] Writing out image to disk: /Users/kbhirombhakdi/_work/Sidekicks/20200825/ie8a01k3q_X01_202002_G102/ie8a01k3q_sci1_blt.fits
[INFO    ]     Blot: creating blotted image:  /Users/kbhirombhakdi/_work/Sidekicks/20200825/ie8a01k4q_X01_202002_G102/ie8a01k4q_flt.fits[sci,1]
[INFO    ] Using default C-based coordinate transformation...
[INFO    ] Applying sky value of 0.776977 to blotted image /Users/kbhirombhakdi/_work/Sidekicks/20200825/ie8a01k4q_X01_202002_G102/ie8a01k4q_flt.fits[sci,1]
[INFO    ] -Generating simple FITS output: /Users/kbhirombhakdi/_work/Sidekicks/20200825/ie8a01k4q_X01_202002_G102/ie8a01k4q_sci1_blt.fits
[INFO    ] Writing out image to disk: /Users/kbhirombhakdi/_work/Sidekicks/20200825/ie8a01k4q_X01_202002_G102/ie8a01k4q_sci1_blt.fits
[INFO    ] ==== Processing Step Blot finished at 13:42:44.451 (25/08/2020)
[INFO    ] ==== Processing Step  Driz_CR  started at  13:42:44.45 (25/08/2020)
[INFO    ] 
[INFO    ] USER INPUT PARAMETERS for Driz_CR Step:
[INFO    ] 	crbit :	4096
[INFO    ] 	driz_cr :	True
[INFO    ] 	driz_cr_corr :	True
[INFO    ] 	driz_cr_ctegrow :	0
[INFO    ] 	driz_cr_grow :	1
[INFO    ] 	driz_cr_scale :	1.2 0.7
[INFO    ] 	driz_cr_snr :	3.5 3.0
[INFO    ] 	inmemory :	False
[INFO    ] Executing 6 parallel workers
[WARNING ] /Users/kbhirombhakdi/anaconda3/envs/py3/lib/python3.7/site-packages/drizzlepac/drizCR.py:205: RuntimeWarning: invalid value encountered in less_equal
  tmp1 = t1 <= t2

[WARNING ] /Users/kbhirombhakdi/anaconda3/envs/py3/lib/python3.7/site-packages/drizzlepac/drizCR.py:205: RuntimeWarning: invalid value encountered in less_equal
  tmp1 = t1 <= t2

[WARNING ] /Users/kbhirombhakdi/anaconda3/envs/py3/lib/python3.7/site-packages/drizzlepac/drizCR.py:205: RuntimeWarning: invalid value encountered in less_equal
  tmp1 = t1 <= t2

[WARNING ] /Users/kbhirombhakdi/anaconda3/envs/py3/lib/python3.7/site-packages/drizzlepac/drizCR.py:205: RuntimeWarning: invalid value encountered in less_equal
  tmp1 = t1 <= t2

[WARNING ] /Users/kbhirombhakdi/anaconda3/envs/py3/lib/python3.7/site-packages/drizzlepac/drizCR.py:205: RuntimeWarning: invalid value encountered in less_equal
  tmp1 = t1 <= t2

[WARNING ] /Users/kbhirombhakdi/anaconda3/envs/py3/lib/python3.7/site-packages/drizzlepac/drizCR.py:215: RuntimeWarning: invalid value encountered in less_equal
  cr_mask = (t1 <= t2) | (tmp2 >= 9)

[WARNING ] /Users/kbhirombhakdi/anaconda3/envs/py3/lib/python3.7/site-packages/drizzlepac/drizCR.py:205: RuntimeWarning: invalid value encountered in less_equal
  tmp1 = t1 <= t2

[WARNING ] /Users/kbhirombhakdi/anaconda3/envs/py3/lib/python3.7/site-packages/drizzlepac/drizCR.py:215: RuntimeWarning: invalid value encountered in less_equal
  cr_mask = (t1 <= t2) | (tmp2 >= 9)

[WARNING ] /Users/kbhirombhakdi/anaconda3/envs/py3/lib/python3.7/site-packages/drizzlepac/drizCR.py:215: RuntimeWarning: invalid value encountered in less_equal
  cr_mask = (t1 <= t2) | (tmp2 >= 9)

[WARNING ] /Users/kbhirombhakdi/anaconda3/envs/py3/lib/python3.7/site-packages/drizzlepac/drizCR.py:215: RuntimeWarning: invalid value encountered in less_equal
  cr_mask = (t1 <= t2) | (tmp2 >= 9)

[INFO    ] Creating output: /Users/kbhirombhakdi/_work/Sidekicks/20200825/ie8a01jxq_X01_202002_G102/ie8a01jxq_sci1_crmask.fits
[WARNING ] /Users/kbhirombhakdi/anaconda3/envs/py3/lib/python3.7/site-packages/drizzlepac/drizCR.py:215: RuntimeWarning: invalid value encountered in less_equal
  cr_mask = (t1 <= t2) | (tmp2 >= 9)

[WARNING ] /Users/kbhirombhakdi/anaconda3/envs/py3/lib/python3.7/site-packages/drizzlepac/drizCR.py:215: RuntimeWarning: invalid value encountered in less_equal
  cr_mask = (t1 <= t2) | (tmp2 >= 9)

[INFO    ] Creating output: /Users/kbhirombhakdi/_work/Sidekicks/20200825/ie8a01jvq_X01_202002_G102/ie8a01jvq_sci1_crmask.fits
[INFO    ] Creating output: /Users/kbhirombhakdi/_work/Sidekicks/20200825/ie8a01jyq_X01_202002_G102/ie8a01jyq_sci1_crmask.fits
[INFO    ] Creating output: /Users/kbhirombhakdi/_work/Sidekicks/20200825/ie8a01k1q_X01_202002_G102/ie8a01k1q_sci1_crmask.fits
[INFO    ] Creating output: /Users/kbhirombhakdi/_work/Sidekicks/20200825/ie8a01k3q_X01_202002_G102/ie8a01k3q_sci1_crmask.fits
[INFO    ] Creating output: /Users/kbhirombhakdi/_work/Sidekicks/20200825/ie8a01k4q_X01_202002_G102/ie8a01k4q_sci1_crmask.fits
[INFO    ] Created CR corrected file: '/Users/kbhirombhakdi/_work/Sidekicks/20200825/ie8a01jxq_X01_202002_G102/ie8a01jxq_crclean.fits'
[INFO    ] Created CR corrected file: '/Users/kbhirombhakdi/_work/Sidekicks/20200825/ie8a01jvq_X01_202002_G102/ie8a01jvq_crclean.fits'
[INFO    ] Created CR corrected file: '/Users/kbhirombhakdi/_work/Sidekicks/20200825/ie8a01jyq_X01_202002_G102/ie8a01jyq_crclean.fits'
[INFO    ] Created CR corrected file: '/Users/kbhirombhakdi/_work/Sidekicks/20200825/ie8a01k1q_X01_202002_G102/ie8a01k1q_crclean.fits'
[INFO    ] Created CR corrected file: '/Users/kbhirombhakdi/_work/Sidekicks/20200825/ie8a01k3q_X01_202002_G102/ie8a01k3q_crclean.fits'
[INFO    ] Created CR corrected file: '/Users/kbhirombhakdi/_work/Sidekicks/20200825/ie8a01k4q_X01_202002_G102/ie8a01k4q_crclean.fits'
[INFO    ] ==== Processing Step Driz_CR finished at 13:42:45.746 (25/08/2020)
[INFO    ] ==== Processing Step  Final Drizzle  started at  13:42:45.756 (25/08/2020)
[INFO    ] 
[INFO    ] Interpreted paramDict with single=False as:
{'build': True, 'stepsize': 10, 'coeffs': True, 'wcskey': '', 'wht_type': 'EXP', 'kernel': 'square', 'wt_scl': 'exptime', 'pixfrac': 1.0, 'fillval': None, 'maskval': None, 'bits': 0, 'units': 'cps'}
[INFO    ] USER INPUT PARAMETERS for Final Drizzle Step:
[INFO    ] 	bits :	0
[INFO    ] 	build :	True
[INFO    ] 	clean :	True
[INFO    ] 	coeffs :	True
[INFO    ] 	crbit :	4096
[INFO    ] 	fillval :	None
[INFO    ] 	kernel :	square
[INFO    ] 	maskval :	None
[INFO    ] 	pixfrac :	1.0
[INFO    ] 	proc_unit :	native
[INFO    ] 	stepsize :	10
[INFO    ] 	units :	cps
[INFO    ] 	wcskey :	
[INFO    ] 	wht_type :	EXP
[INFO    ] 	wt_scl :	exptime
[INFO    ]   **Using sub-sampling value of 10 for kernel square
[INFO    ] Running Drizzle to create output frame with WCS of: 
[INFO    ] WCS Keywords
[INFO    ] 
[INFO    ] CD_11  CD_12: -1.9929605998518e-05 -2.8555491417348e-05
[INFO    ] CD_21  CD_22: -3.1903796927917e-05 1.7705437444501e-05
[INFO    ] CRVAL    : 44.532901104955 -8.9614767570276
[INFO    ] CRPIX    : 507.0 507.0
[INFO    ] NAXIS    : 1014 1014
[INFO    ] Plate Scale : 0.13542133229153427
[INFO    ] ORIENTAT : -58.19959036736756
[INFO    ] -Drizzle input: /Users/kbhirombhakdi/_work/Sidekicks/20200825/ie8a01jvq_X01_202002_G102/ie8a01jvq_flt.fits[sci,1]
[INFO    ] Applying sky value of 0.834546 to /Users/kbhirombhakdi/_work/Sidekicks/20200825/ie8a01jvq_X01_202002_G102/ie8a01jvq_flt.fits[sci,1]
[INFO    ] Applying EXPTIME weighting to DQ mask for chip 1
[INFO    ] Using WCSLIB-based coordinate transformation...
[INFO    ] stepsize = 10
[INFO    ] -Drizzling using kernel = square

[WARNING ] ! 10156 points were outside the output image.
[INFO    ] -Drizzle input: /Users/kbhirombhakdi/_work/Sidekicks/20200825/ie8a01jxq_X01_202002_G102/ie8a01jxq_flt.fits[sci,1]
[INFO    ] Applying sky value of 0.799696 to /Users/kbhirombhakdi/_work/Sidekicks/20200825/ie8a01jxq_X01_202002_G102/ie8a01jxq_flt.fits[sci,1]
[INFO    ] Applying EXPTIME weighting to DQ mask for chip 1
[INFO    ] Using WCSLIB-based coordinate transformation...
[INFO    ] stepsize = 10
[INFO    ] -Drizzling using kernel = square

[WARNING ] ! 10850 points were outside the output image.
[INFO    ] -Drizzle input: /Users/kbhirombhakdi/_work/Sidekicks/20200825/ie8a01jyq_X01_202002_G102/ie8a01jyq_flt.fits[sci,1]
[INFO    ] Applying sky value of 0.776089 to /Users/kbhirombhakdi/_work/Sidekicks/20200825/ie8a01jyq_X01_202002_G102/ie8a01jyq_flt.fits[sci,1]
[INFO    ] Applying EXPTIME weighting to DQ mask for chip 1
[INFO    ] Using WCSLIB-based coordinate transformation...
[INFO    ] stepsize = 10
[INFO    ] -Drizzling using kernel = square

[WARNING ] ! 31223 points were outside the output image.
[INFO    ] -Drizzle input: /Users/kbhirombhakdi/_work/Sidekicks/20200825/ie8a01k1q_X01_202002_G102/ie8a01k1q_flt.fits[sci,1]
[INFO    ] Applying sky value of 0.832647 to /Users/kbhirombhakdi/_work/Sidekicks/20200825/ie8a01k1q_X01_202002_G102/ie8a01k1q_flt.fits[sci,1]
[INFO    ] Applying EXPTIME weighting to DQ mask for chip 1
[INFO    ] Using WCSLIB-based coordinate transformation...
[INFO    ] stepsize = 10
[INFO    ] -Drizzling using kernel = square

[WARNING ] ! 11706 points were outside the output image.
[INFO    ] -Drizzle input: /Users/kbhirombhakdi/_work/Sidekicks/20200825/ie8a01k3q_X01_202002_G102/ie8a01k3q_flt.fits[sci,1]
[INFO    ] Applying sky value of 0.794885 to /Users/kbhirombhakdi/_work/Sidekicks/20200825/ie8a01k3q_X01_202002_G102/ie8a01k3q_flt.fits[sci,1]
[INFO    ] Applying EXPTIME weighting to DQ mask for chip 1
[INFO    ] Using WCSLIB-based coordinate transformation...
[INFO    ] stepsize = 10
[INFO    ] -Drizzling using kernel = square

[WARNING ] ! 21551 points were outside the output image.
[INFO    ] -Drizzle input: /Users/kbhirombhakdi/_work/Sidekicks/20200825/ie8a01k4q_X01_202002_G102/ie8a01k4q_flt.fits[sci,1]
[INFO    ] Applying sky value of 0.776977 to /Users/kbhirombhakdi/_work/Sidekicks/20200825/ie8a01k4q_X01_202002_G102/ie8a01k4q_flt.fits[sci,1]
[INFO    ] Applying EXPTIME weighting to DQ mask for chip 1
[INFO    ] Using WCSLIB-based coordinate transformation...
[INFO    ] stepsize = 10
[INFO    ] -Drizzling using kernel = square

[WARNING ] ! 41812 points were outside the output image.
[INFO    ] -Generating multi-extension output file:  X01_202002_G102_drz.fits
[INFO    ] Deleted all instances of WCS with key A in extensions [1]
[INFO    ] Writing out to disk: X01_202002_G102_drz.fits
[WARNING ] /Users/kbhirombhakdi/anaconda3/envs/py3/lib/python3.7/site-packages/astropy/io/fits/card.py:1003: VerifyWarning: Card is too long, comment will be truncated.
  VerifyWarning)

[INFO    ] ==== Processing Step Final Drizzle finished at 13:42:48.8 (25/08/2020)
[INFO    ] 
[INFO    ] AstroDrizzle Version 3.1.6 is finished processing at 13:42:48.890 (25/08/2020).
[INFO    ] 
[INFO    ] 
[INFO    ] 
[INFO    ]    --------------------          --------------------
[INFO    ]                    Step          Elapsed time
[INFO    ]    --------------------          --------------------
[INFO    ] 
[INFO    ]          Initialization          1.1509 sec.
[INFO    ]             Static Mask          0.0033 sec.
[INFO    ]            Subtract Sky          0.7326 sec.
[INFO    ]        Separate Drizzle          1.0555 sec.
[INFO    ]           Create Median          0.9245 sec.
[INFO    ]                    Blot          1.9629 sec.
[INFO    ]                 Driz_CR          1.2939 sec.
[INFO    ]           Final Drizzle          3.1323 sec.
[INFO    ]    ====================          ====================
[INFO    ]                   Total          10.2560 sec.
[INFO    ] 
[INFO    ] Removing intermediate files for /Users/kbhirombhakdi/_work/Sidekicks/20200825/ie8a01jvq_X01_202002_G102/ie8a01jvq_flt.fits
[INFO    ] Removing intermediate files for /Users/kbhirombhakdi/_work/Sidekicks/20200825/ie8a01jxq_X01_202002_G102/ie8a01jxq_flt.fits
[INFO    ] Removing intermediate files for /Users/kbhirombhakdi/_work/Sidekicks/20200825/ie8a01jyq_X01_202002_G102/ie8a01jyq_flt.fits
[INFO    ] Removing intermediate files for /Users/kbhirombhakdi/_work/Sidekicks/20200825/ie8a01k1q_X01_202002_G102/ie8a01k1q_flt.fits
[INFO    ] Removing intermediate files for /Users/kbhirombhakdi/_work/Sidekicks/20200825/ie8a01k3q_X01_202002_G102/ie8a01k3q_flt.fits
[INFO    ] Removing intermediate files for /Users/kbhirombhakdi/_work/Sidekicks/20200825/ie8a01k4q_X01_202002_G102/ie8a01k4q_flt.fits
[INFO    ] Trailer file written to:  astrodrizzle.log
[INFO    ] Setting up logfile :  astrodrizzle.log
[INFO    ] AstroDrizzle Version 3.1.6 (2020-02-19 16:16:30 -0500) started at: 13:50:45.646 (25/08/2020)
[INFO    ] 
[INFO    ] Version Information
[INFO    ] --------------------
[INFO    ] Python Version [Clang 9.0.1 ]
[INFO    ] 3.7.6 | packaged by conda-forge | (default, Jun  1 2020, 18:33:30) 
[INFO    ] numpy Version -> 1.18.5 
[INFO    ] astropy Version -> 4.0.1.post1 
[INFO    ] stwcs Version -> 1.5.3 
[INFO    ] ==== Processing Step  Initialization  started at  13:50:45.648 (25/08/2020)
[INFO    ] 
[INFO    ] Executing serially
[INFO    ] Setting up output name: X01_202002_G141_drz.fits
[INFO    ] -Creating imageObject List as input for processing steps.
[INFO    ] Reading in MDRIZSKY of 0.04498347215127367
[INFO    ] Reading in MDRIZSKY of 0.01880778191872323
[INFO    ] Reading in MDRIZSKY of 0.002052454303401436
[INFO    ] Reading in MDRIZSKY of 0.04380199479983348
[INFO    ] Reading in MDRIZSKY of 0.01788856505950989
[INFO    ] Reading in MDRIZSKY of 0.0
[INFO    ] Reset bit values of 4096 to a value of 0 in /Users/kbhirombhakdi/_work/Sidekicks/20200825/ie8a02xgq_X01_202002_G141/ie8a02xgq_flt.fits[DQ,1]
[INFO    ] Reset bit values of 4096 to a value of 0 in /Users/kbhirombhakdi/_work/Sidekicks/20200825/ie8a02xiq_X01_202002_G141/ie8a02xiq_flt.fits[DQ,1]
[INFO    ] Reset bit values of 4096 to a value of 0 in /Users/kbhirombhakdi/_work/Sidekicks/20200825/ie8a02xjq_X01_202002_G141/ie8a02xjq_flt.fits[DQ,1]
[INFO    ] Reset bit values of 4096 to a value of 0 in /Users/kbhirombhakdi/_work/Sidekicks/20200825/ie8a02xmq_X01_202002_G141/ie8a02xmq_flt.fits[DQ,1]
[INFO    ] Reset bit values of 4096 to a value of 0 in /Users/kbhirombhakdi/_work/Sidekicks/20200825/ie8a02xoq_X01_202002_G141/ie8a02xoq_flt.fits[DQ,1]
[INFO    ] Reset bit values of 4096 to a value of 0 in /Users/kbhirombhakdi/_work/Sidekicks/20200825/ie8a02xpq_X01_202002_G141/ie8a02xpq_flt.fits[DQ,1]
[INFO    ] -Creating output WCS.
[INFO    ] Creating OUTPUT WCS from ./ie8a02xgq_X01_202002_G141/ie8a02xgq_flt.fits[1]
[INFO    ] WCS Keywords
[INFO    ] 
[INFO    ] CD_11  CD_12: -2.0613455533815e-05 -2.8166797245663e-05
[INFO    ] CD_21  CD_22: -3.1466330079188e-05 1.8317547605308e-05
[INFO    ] CRVAL    : 44.53283072447 -8.9612438312862
[INFO    ] CRPIX    : 507.0 507.0
[INFO    ] NAXIS    : 1014 1014
[INFO    ] Plate Scale : 0.13542147699295284
[INFO    ] ORIENTAT : -56.963079436501
[INFO    ] ********************************************************************************
[INFO    ] *
[INFO    ] *  Estimated memory usage:  up to 117 Mb.
[INFO    ] *  Output image size:       1014 X 1014 pixels. 
[INFO    ] *  Output image file:       ~ 11 Mb. 
[INFO    ] *  Cores available:         6
[INFO    ] *
[INFO    ] ********************************************************************************
[INFO    ] ==== Processing Step Initialization finished at 13:50:46.58 (25/08/2020)
[INFO    ] USER INPUT PARAMETERS common to all Processing Steps:
[INFO    ] 	build :	True
[INFO    ] 	coeffs :	True
[INFO    ] 	context :	True
[INFO    ] 	crbit :	4096
[INFO    ] 	group :	
[INFO    ] 	in_memory :	False
[INFO    ] 	input :	['./ie8a02xgq_X01_202002_G141/ie8a02xgq_flt.fits', './ie8a02xiq_X01_202002_G141/ie8a02xiq_flt.fits', './ie8a02xjq_X01_202002_G141/ie8a02xjq_flt.fits', './ie8a02xmq_X01_202002_G141/ie8a02xmq_flt.fits', './ie8a02xoq_X01_202002_G141/ie8a02xoq_flt.fits', './ie8a02xpq_X01_202002_G141/ie8a02xpq_flt.fits']
[INFO    ] 	mdriztab :	False
[INFO    ] 	num_cores :	None
[INFO    ] 	output :	X01_202002_G141
[INFO    ] 	proc_unit :	native
[INFO    ] 	resetbits :	4096
[INFO    ] 	runfile :	astrodrizzle.log
[INFO    ] 	stepsize :	10
[INFO    ] 	updatewcs :	False
[INFO    ] 	wcskey :	
[INFO    ] ==== Processing Step  Static Mask  started at  13:50:46.587 (25/08/2020)
[INFO    ] 
[INFO    ] Static Mask step not performed.
[INFO    ] ==== Processing Step Static Mask finished at 13:50:46.589 (25/08/2020)
[INFO    ] ==== Processing Step  Subtract Sky  started at  13:50:46.590 (25/08/2020)
[INFO    ] 
[INFO    ] USER INPUT PARAMETERS for Sky Subtraction Step:
[INFO    ] 	sky_bits :	0
[INFO    ] 	skyclip :	5
[INFO    ] 	skyfile :	
[INFO    ] 	skylower :	None
[INFO    ] 	skylsigma :	4.0
[INFO    ] 	skymask_cat :	
[INFO    ] 	skymethod :	localmin
[INFO    ] 	skystat :	median
[INFO    ] 	skysub :	True
[INFO    ] 	skyupper :	None
[INFO    ] 	skyuser :	
[INFO    ] 	skyusigma :	4.0
[INFO    ] 	skywidth :	0.1
[INFO    ] 	use_static :	True
[WARNING ] Static mask for file '/Users/kbhirombhakdi/_work/Sidekicks/20200825/ie8a02xgq_X01_202002_G141/ie8a02xgq_flt.fits', ext=('SCI', 1) NOT FOUND.
[WARNING ] Static mask for file '/Users/kbhirombhakdi/_work/Sidekicks/20200825/ie8a02xiq_X01_202002_G141/ie8a02xiq_flt.fits', ext=('SCI', 1) NOT FOUND.
[WARNING ] Static mask for file '/Users/kbhirombhakdi/_work/Sidekicks/20200825/ie8a02xjq_X01_202002_G141/ie8a02xjq_flt.fits', ext=('SCI', 1) NOT FOUND.
[WARNING ] Static mask for file '/Users/kbhirombhakdi/_work/Sidekicks/20200825/ie8a02xmq_X01_202002_G141/ie8a02xmq_flt.fits', ext=('SCI', 1) NOT FOUND.
[WARNING ] Static mask for file '/Users/kbhirombhakdi/_work/Sidekicks/20200825/ie8a02xoq_X01_202002_G141/ie8a02xoq_flt.fits', ext=('SCI', 1) NOT FOUND.
[WARNING ] Static mask for file '/Users/kbhirombhakdi/_work/Sidekicks/20200825/ie8a02xpq_X01_202002_G141/ie8a02xpq_flt.fits', ext=('SCI', 1) NOT FOUND.
[INFO    ] ***** skymatch started on 2020-08-25 13:50:46.701747
[INFO    ]       Version 1.0.5
[INFO    ] 
[INFO    ] 'skymatch' task will apply computed sky differences to input image file(s).
[INFO    ] 
[INFO    ] NOTE: Computed sky values WILL NOT be subtracted from image data ('subtractsky'=False).
[INFO    ] 'MDRIZSKY' header keyword will represent sky value *computed* from data.
[INFO    ] 
[INFO    ] -----  User specified keywords:  -----
[INFO    ]        Sky Value Keyword:  'MDRIZSKY'
[INFO    ]        Data Units Keyword: 'BUNIT'
[INFO    ] 
[INFO    ] 
[INFO    ] -----  Input file list:  -----
[INFO    ] 
[INFO    ]    **  Input image: 'ie8a02xgq_flt.fits'
[INFO    ]        EXT: 'SCI',1;	MASK: ie8a02xgq_skymatch_mask_sci1.fits[0]
[INFO    ] 
[INFO    ]    **  Input image: 'ie8a02xiq_flt.fits'
[INFO    ]        EXT: 'SCI',1;	MASK: ie8a02xiq_skymatch_mask_sci1.fits[0]
[INFO    ] 
[INFO    ]    **  Input image: 'ie8a02xjq_flt.fits'
[INFO    ]        EXT: 'SCI',1;	MASK: ie8a02xjq_skymatch_mask_sci1.fits[0]
[INFO    ] 
[INFO    ]    **  Input image: 'ie8a02xmq_flt.fits'
[INFO    ]        EXT: 'SCI',1;	MASK: ie8a02xmq_skymatch_mask_sci1.fits[0]
[INFO    ] 
[INFO    ]    **  Input image: 'ie8a02xoq_flt.fits'
[INFO    ]        EXT: 'SCI',1;	MASK: ie8a02xoq_skymatch_mask_sci1.fits[0]
[INFO    ] 
[INFO    ]    **  Input image: 'ie8a02xpq_flt.fits'
[INFO    ]        EXT: 'SCI',1;	MASK: ie8a02xpq_skymatch_mask_sci1.fits[0]
[INFO    ] 
[INFO    ] -----  Sky statistics parameters:  -----
[INFO    ]        statistics function: 'median'
[INFO    ]        lower = None
[INFO    ]        upper = None
[INFO    ]        nclip = 5
[INFO    ]        lsigma = 4.0
[INFO    ]        usigma = 4.0
[INFO    ]        binwidth = 0.1
[INFO    ] 
[INFO    ] -----  Data->Brightness conversion parameters for input files:  -----
[INFO    ] 
[INFO    ]    *   Image: ie8a02xgq_flt.fits
[INFO    ]        EXT = 'SCI',1
[INFO    ]              Data units type: COUNT-RATE
[INFO    ]              Conversion factor (data->brightness):  60.797431635711504
[INFO    ] 
[INFO    ]    *   Image: ie8a02xiq_flt.fits
[INFO    ]        EXT = 'SCI',1
[INFO    ]              Data units type: COUNT-RATE
[INFO    ]              Conversion factor (data->brightness):  60.797431635711504
[INFO    ] 
[INFO    ]    *   Image: ie8a02xjq_flt.fits
[INFO    ]        EXT = 'SCI',1
[INFO    ]              Data units type: COUNT-RATE
[INFO    ]              Conversion factor (data->brightness):  60.797431635711504
[INFO    ] 
[INFO    ]    *   Image: ie8a02xmq_flt.fits
[INFO    ]        EXT = 'SCI',1
[INFO    ]              Data units type: COUNT-RATE
[INFO    ]              Conversion factor (data->brightness):  60.797431635711504
[INFO    ] 
[INFO    ]    *   Image: ie8a02xoq_flt.fits
[INFO    ]        EXT = 'SCI',1
[INFO    ]              Data units type: COUNT-RATE
[INFO    ]              Conversion factor (data->brightness):  60.797431635711504
[INFO    ] 
[INFO    ]    *   Image: ie8a02xpq_flt.fits
[INFO    ]        EXT = 'SCI',1
[INFO    ]              Data units type: COUNT-RATE
[INFO    ]              Conversion factor (data->brightness):  60.797431635711504
[INFO    ] 
[INFO    ] 
[INFO    ] -----  Computing sky values requested image extensions (detector chips):  -----
[INFO    ] 
[INFO    ]    *   Image:   'ie8a02xgq_flt.fits['SCI',1]'  --  SKY = 92.17204654995848 (brightness units)
[INFO    ]        Sky change (data units):
[INFO    ]       - EXT = 'SCI',1   delta(MDRIZSKY) = 1.51605   NEW MDRIZSKY = 1.51605
[INFO    ]    *   Image:   'ie8a02xiq_flt.fits['SCI',1]'  --  SKY = 90.4370608685465 (brightness units)
[INFO    ]        Sky change (data units):
[INFO    ]       - EXT = 'SCI',1   delta(MDRIZSKY) = 1.48751   NEW MDRIZSKY = 1.48751
[INFO    ]    *   Image:   'ie8a02xjq_flt.fits['SCI',1]'  --  SKY = 89.52503503515737 (brightness units)
[INFO    ]        Sky change (data units):
[INFO    ]       - EXT = 'SCI',1   delta(MDRIZSKY) = 1.47251   NEW MDRIZSKY = 1.47251
[INFO    ]    *   Image:   'ie8a02xmq_flt.fits['SCI',1]'  --  SKY = 92.24087718410473 (brightness units)
[INFO    ]        Sky change (data units):
[INFO    ]       - EXT = 'SCI',1   delta(MDRIZSKY) = 1.51718   NEW MDRIZSKY = 1.51718
[INFO    ]    *   Image:   'ie8a02xoq_flt.fits['SCI',1]'  --  SKY = 90.36975948193155 (brightness units)
[INFO    ]        Sky change (data units):
[INFO    ]       - EXT = 'SCI',1   delta(MDRIZSKY) = 1.48641   NEW MDRIZSKY = 1.48641
[INFO    ]    *   Image:   'ie8a02xpq_flt.fits['SCI',1]'  --  SKY = 89.31898523745514 (brightness units)
[INFO    ]        Sky change (data units):
[INFO    ]       - EXT = 'SCI',1   delta(MDRIZSKY) = 1.46912   NEW MDRIZSKY = 1.46912
[INFO    ] ***** skymatch ended on 2020-08-25 13:50:47.178662
[INFO    ] TOTAL RUN TIME: 0:00:00.476915
[INFO    ] ==== Processing Step Subtract Sky finished at 13:50:47.312 (25/08/2020)
[INFO    ] ==== Processing Step  Separate Drizzle  started at  13:50:47.313 (25/08/2020)
[INFO    ] 
[INFO    ] Interpreted paramDict with single=True as:
{'build': True, 'stepsize': 10, 'coeffs': True, 'wcskey': '', 'kernel': 'turbo', 'wt_scl': 'exptime', 'pixfrac': 1.0, 'fillval': None, 'bits': 0, 'compress': False, 'units': 'cps'}
[INFO    ] USER INPUT PARAMETERS for Separate Drizzle Step:
[INFO    ] 	bits :	0
[INFO    ] 	build :	False
[INFO    ] 	clean :	True
[INFO    ] 	coeffs :	True
[INFO    ] 	compress :	False
[INFO    ] 	crbit :	None
[INFO    ] 	fillval :	None
[INFO    ] 	kernel :	turbo
[INFO    ] 	num_cores :	None
[INFO    ] 	pixfrac :	1.0
[INFO    ] 	proc_unit :	electrons
[INFO    ] 	stepsize :	10
[INFO    ] 	units :	cps
[INFO    ] 	wcskey :	
[INFO    ] 	wht_type :	None
[INFO    ] 	wt_scl :	exptime
[INFO    ]   **Using sub-sampling value of 10 for kernel turbo
[INFO    ] Running Drizzle to create output frame with WCS of: 
[INFO    ] WCS Keywords
[INFO    ] 
[INFO    ] Number of WCS axes: 2
[INFO    ] CTYPE : 'RA---TAN'  'DEC--TAN'  
[INFO    ] CRVAL : 44.53311490815164  -8.960938174081619  
[INFO    ] CRPIX : 556.5  490.5  
[INFO    ] CD1_1 CD1_2  : -1.96138293817214e-05  -2.973950871499283e-05  
[INFO    ] CD2_1 CD2_2  : -2.973950871499283e-05  1.96138293817214e-05  
[INFO    ] NAXIS : 1113  981
[INFO    ] Executing 6 parallel workers
[INFO    ] -Drizzle input: /Users/kbhirombhakdi/_work/Sidekicks/20200825/ie8a02xgq_X01_202002_G141/ie8a02xgq_flt.fits[sci,1]
[INFO    ] -Drizzle input: /Users/kbhirombhakdi/_work/Sidekicks/20200825/ie8a02xiq_X01_202002_G141/ie8a02xiq_flt.fits[sci,1]
[INFO    ] -Drizzle input: /Users/kbhirombhakdi/_work/Sidekicks/20200825/ie8a02xjq_X01_202002_G141/ie8a02xjq_flt.fits[sci,1]
[INFO    ] -Drizzle input: /Users/kbhirombhakdi/_work/Sidekicks/20200825/ie8a02xmq_X01_202002_G141/ie8a02xmq_flt.fits[sci,1]
[INFO    ] -Drizzle input: /Users/kbhirombhakdi/_work/Sidekicks/20200825/ie8a02xoq_X01_202002_G141/ie8a02xoq_flt.fits[sci,1]
[INFO    ] -Drizzle input: /Users/kbhirombhakdi/_work/Sidekicks/20200825/ie8a02xpq_X01_202002_G141/ie8a02xpq_flt.fits[sci,1]
[INFO    ] Applying sky value of 1.516052 to /Users/kbhirombhakdi/_work/Sidekicks/20200825/ie8a02xgq_X01_202002_G141/ie8a02xgq_flt.fits[sci,1]
[INFO    ] Applying sky value of 1.487514 to /Users/kbhirombhakdi/_work/Sidekicks/20200825/ie8a02xiq_X01_202002_G141/ie8a02xiq_flt.fits[sci,1]
[INFO    ] Applying sky value of 1.472513 to /Users/kbhirombhakdi/_work/Sidekicks/20200825/ie8a02xjq_X01_202002_G141/ie8a02xjq_flt.fits[sci,1]
[INFO    ] Applying sky value of 1.517184 to /Users/kbhirombhakdi/_work/Sidekicks/20200825/ie8a02xmq_X01_202002_G141/ie8a02xmq_flt.fits[sci,1]
[INFO    ] Applying sky value of 1.486408 to /Users/kbhirombhakdi/_work/Sidekicks/20200825/ie8a02xoq_X01_202002_G141/ie8a02xoq_flt.fits[sci,1]
[INFO    ] Using WCSLIB-based coordinate transformation...
[INFO    ] stepsize = 10
[INFO    ] Using WCSLIB-based coordinate transformation...
[INFO    ] stepsize = 10
[INFO    ] -Drizzling using kernel = turbo

[INFO    ] Applying sky value of 1.469124 to /Users/kbhirombhakdi/_work/Sidekicks/20200825/ie8a02xpq_X01_202002_G141/ie8a02xpq_flt.fits[sci,1]
[INFO    ] Using WCSLIB-based coordinate transformation...
[INFO    ] stepsize = 10
[INFO    ] -Drizzling using kernel = turbo

[INFO    ] Using WCSLIB-based coordinate transformation...
[INFO    ] stepsize = 10
[INFO    ] -Drizzling using kernel = turbo

[INFO    ] Using WCSLIB-based coordinate transformation...
[INFO    ] stepsize = 10
[INFO    ] -Drizzling using kernel = turbo

[INFO    ] Using WCSLIB-based coordinate transformation...
[INFO    ] stepsize = 10
[INFO    ] -Drizzling using kernel = turbo

[INFO    ] -Drizzling using kernel = turbo

[INFO    ] -Generating simple FITS output: /Users/kbhirombhakdi/_work/Sidekicks/20200825/ie8a02xmq_X01_202002_G141/ie8a02xmq_single_sci.fits
[INFO    ] -Generating simple FITS output: /Users/kbhirombhakdi/_work/Sidekicks/20200825/ie8a02xgq_X01_202002_G141/ie8a02xgq_single_sci.fits
[INFO    ] -Generating simple FITS output: /Users/kbhirombhakdi/_work/Sidekicks/20200825/ie8a02xoq_X01_202002_G141/ie8a02xoq_single_sci.fits
[INFO    ] -Generating simple FITS output: /Users/kbhirombhakdi/_work/Sidekicks/20200825/ie8a02xjq_X01_202002_G141/ie8a02xjq_single_sci.fits
[INFO    ] -Generating simple FITS output: /Users/kbhirombhakdi/_work/Sidekicks/20200825/ie8a02xiq_X01_202002_G141/ie8a02xiq_single_sci.fits
[INFO    ] -Generating simple FITS output: /Users/kbhirombhakdi/_work/Sidekicks/20200825/ie8a02xpq_X01_202002_G141/ie8a02xpq_single_sci.fits
[WARNING ] /Users/kbhirombhakdi/anaconda3/envs/py3/lib/python3.7/site-packages/astropy/io/fits/card.py:1003: VerifyWarning: Card is too long, comment will be truncated.
  VerifyWarning)

[WARNING ] /Users/kbhirombhakdi/anaconda3/envs/py3/lib/python3.7/site-packages/astropy/io/fits/card.py:1003: VerifyWarning: Card is too long, comment will be truncated.
  VerifyWarning)

[WARNING ] /Users/kbhirombhakdi/anaconda3/envs/py3/lib/python3.7/site-packages/astropy/io/fits/card.py:1003: VerifyWarning: Card is too long, comment will be truncated.
  VerifyWarning)

[WARNING ] /Users/kbhirombhakdi/anaconda3/envs/py3/lib/python3.7/site-packages/astropy/io/fits/card.py:1003: VerifyWarning: Card is too long, comment will be truncated.
  VerifyWarning)

[WARNING ] /Users/kbhirombhakdi/anaconda3/envs/py3/lib/python3.7/site-packages/astropy/io/fits/card.py:1003: VerifyWarning: Card is too long, comment will be truncated.
  VerifyWarning)

[WARNING ] /Users/kbhirombhakdi/anaconda3/envs/py3/lib/python3.7/site-packages/astropy/io/fits/card.py:1003: VerifyWarning: Card is too long, comment will be truncated.
  VerifyWarning)

[INFO    ] Writing out image to disk: /Users/kbhirombhakdi/_work/Sidekicks/20200825/ie8a02xmq_X01_202002_G141/ie8a02xmq_single_sci.fits
[INFO    ] Writing out image to disk: /Users/kbhirombhakdi/_work/Sidekicks/20200825/ie8a02xgq_X01_202002_G141/ie8a02xgq_single_sci.fits
[INFO    ] Writing out image to disk: /Users/kbhirombhakdi/_work/Sidekicks/20200825/ie8a02xoq_X01_202002_G141/ie8a02xoq_single_sci.fits
[INFO    ] Writing out image to disk: /Users/kbhirombhakdi/_work/Sidekicks/20200825/ie8a02xjq_X01_202002_G141/ie8a02xjq_single_sci.fits
[INFO    ] Writing out image to disk: /Users/kbhirombhakdi/_work/Sidekicks/20200825/ie8a02xiq_X01_202002_G141/ie8a02xiq_single_sci.fits
[INFO    ] Writing out image to disk: /Users/kbhirombhakdi/_work/Sidekicks/20200825/ie8a02xpq_X01_202002_G141/ie8a02xpq_single_sci.fits
[INFO    ] Writing out image to disk: /Users/kbhirombhakdi/_work/Sidekicks/20200825/ie8a02xmq_X01_202002_G141/ie8a02xmq_single_wht.fits
[INFO    ] Writing out image to disk: /Users/kbhirombhakdi/_work/Sidekicks/20200825/ie8a02xgq_X01_202002_G141/ie8a02xgq_single_wht.fits
[INFO    ] Writing out image to disk: /Users/kbhirombhakdi/_work/Sidekicks/20200825/ie8a02xoq_X01_202002_G141/ie8a02xoq_single_wht.fits
[INFO    ] Writing out image to disk: /Users/kbhirombhakdi/_work/Sidekicks/20200825/ie8a02xiq_X01_202002_G141/ie8a02xiq_single_wht.fits
[INFO    ] Writing out image to disk: /Users/kbhirombhakdi/_work/Sidekicks/20200825/ie8a02xjq_X01_202002_G141/ie8a02xjq_single_wht.fits
[INFO    ] Writing out image to disk: /Users/kbhirombhakdi/_work/Sidekicks/20200825/ie8a02xpq_X01_202002_G141/ie8a02xpq_single_wht.fits
[INFO    ] ==== Processing Step Separate Drizzle finished at 13:50:48.373 (25/08/2020)
[INFO    ] ==== Processing Step  Create Median  started at  13:50:48.378 (25/08/2020)
[INFO    ] 
[INFO    ] USER INPUT PARAMETERS for Create Median Step:
[INFO    ] 	combine_bufsize :	None
[INFO    ] 	combine_grow :	1
[INFO    ] 	combine_hthresh :	None
[INFO    ] 	combine_lthresh :	None
[INFO    ] 	combine_maskpt :	0.3
[INFO    ] 	combine_nhigh :	1
[INFO    ] 	combine_nlow :	0
[INFO    ] 	combine_nsigma :	4 3
[INFO    ] 	combine_type :	median
[INFO    ] 	compress :	False
[INFO    ] 	median :	True
[INFO    ] 	median_newmasks :	True
[INFO    ] 	proc_unit :	native
[INFO    ] reference sky value for image '/Users/kbhirombhakdi/_work/Sidekicks/20200825/ie8a02xgq_X01_202002_G141/ie8a02xgq_flt.fits' is 1060.0725596188222
[INFO    ] reference sky value for image '/Users/kbhirombhakdi/_work/Sidekicks/20200825/ie8a02xiq_X01_202002_G141/ie8a02xiq_flt.fits' is 1040.1184544314156
[INFO    ] reference sky value for image '/Users/kbhirombhakdi/_work/Sidekicks/20200825/ie8a02xjq_X01_202002_G141/ie8a02xjq_flt.fits' is 1029.6292269939488
[INFO    ] reference sky value for image '/Users/kbhirombhakdi/_work/Sidekicks/20200825/ie8a02xmq_X01_202002_G141/ie8a02xmq_flt.fits' is 1060.8641821253275
[INFO    ] reference sky value for image '/Users/kbhirombhakdi/_work/Sidekicks/20200825/ie8a02xoq_X01_202002_G141/ie8a02xoq_flt.fits' is 1039.344419831499
[INFO    ] reference sky value for image '/Users/kbhirombhakdi/_work/Sidekicks/20200825/ie8a02xpq_X01_202002_G141/ie8a02xpq_flt.fits' is 880.3465643300561
[INFO    ] Saving output median image to: 'X01_202002_G141_med.fits'
[INFO    ] ==== Processing Step Create Median finished at 13:50:49.370 (25/08/2020)
[INFO    ] ==== Processing Step  Blot  started at  13:50:49.372 (25/08/2020)
[INFO    ] 
[INFO    ] USER INPUT PARAMETERS for Blot Step:
[INFO    ] 	blot_addsky :	True
[INFO    ] 	blot_interp :	poly5
[INFO    ] 	blot_sinscl :	1.0
[INFO    ] 	blot_skyval :	0.0
[INFO    ] 	coeffs :	True
[INFO    ]     Blot: creating blotted image:  /Users/kbhirombhakdi/_work/Sidekicks/20200825/ie8a02xgq_X01_202002_G141/ie8a02xgq_flt.fits[sci,1]
[INFO    ] Using default C-based coordinate transformation...
[INFO    ] Applying sky value of 1.516052 to blotted image /Users/kbhirombhakdi/_work/Sidekicks/20200825/ie8a02xgq_X01_202002_G141/ie8a02xgq_flt.fits[sci,1]
[INFO    ] -Generating simple FITS output: /Users/kbhirombhakdi/_work/Sidekicks/20200825/ie8a02xgq_X01_202002_G141/ie8a02xgq_sci1_blt.fits
[INFO    ] Writing out image to disk: /Users/kbhirombhakdi/_work/Sidekicks/20200825/ie8a02xgq_X01_202002_G141/ie8a02xgq_sci1_blt.fits
[INFO    ]     Blot: creating blotted image:  /Users/kbhirombhakdi/_work/Sidekicks/20200825/ie8a02xiq_X01_202002_G141/ie8a02xiq_flt.fits[sci,1]
[INFO    ] Using default C-based coordinate transformation...
[INFO    ] Applying sky value of 1.487514 to blotted image /Users/kbhirombhakdi/_work/Sidekicks/20200825/ie8a02xiq_X01_202002_G141/ie8a02xiq_flt.fits[sci,1]
[INFO    ] -Generating simple FITS output: /Users/kbhirombhakdi/_work/Sidekicks/20200825/ie8a02xiq_X01_202002_G141/ie8a02xiq_sci1_blt.fits
[INFO    ] Writing out image to disk: /Users/kbhirombhakdi/_work/Sidekicks/20200825/ie8a02xiq_X01_202002_G141/ie8a02xiq_sci1_blt.fits
[INFO    ]     Blot: creating blotted image:  /Users/kbhirombhakdi/_work/Sidekicks/20200825/ie8a02xjq_X01_202002_G141/ie8a02xjq_flt.fits[sci,1]
[INFO    ] Using default C-based coordinate transformation...
[INFO    ] Applying sky value of 1.472513 to blotted image /Users/kbhirombhakdi/_work/Sidekicks/20200825/ie8a02xjq_X01_202002_G141/ie8a02xjq_flt.fits[sci,1]
[INFO    ] -Generating simple FITS output: /Users/kbhirombhakdi/_work/Sidekicks/20200825/ie8a02xjq_X01_202002_G141/ie8a02xjq_sci1_blt.fits
[INFO    ] Writing out image to disk: /Users/kbhirombhakdi/_work/Sidekicks/20200825/ie8a02xjq_X01_202002_G141/ie8a02xjq_sci1_blt.fits
[INFO    ]     Blot: creating blotted image:  /Users/kbhirombhakdi/_work/Sidekicks/20200825/ie8a02xmq_X01_202002_G141/ie8a02xmq_flt.fits[sci,1]
[INFO    ] Using default C-based coordinate transformation...
[INFO    ] Applying sky value of 1.517184 to blotted image /Users/kbhirombhakdi/_work/Sidekicks/20200825/ie8a02xmq_X01_202002_G141/ie8a02xmq_flt.fits[sci,1]
[INFO    ] -Generating simple FITS output: /Users/kbhirombhakdi/_work/Sidekicks/20200825/ie8a02xmq_X01_202002_G141/ie8a02xmq_sci1_blt.fits
[INFO    ] Writing out image to disk: /Users/kbhirombhakdi/_work/Sidekicks/20200825/ie8a02xmq_X01_202002_G141/ie8a02xmq_sci1_blt.fits
[INFO    ]     Blot: creating blotted image:  /Users/kbhirombhakdi/_work/Sidekicks/20200825/ie8a02xoq_X01_202002_G141/ie8a02xoq_flt.fits[sci,1]
[INFO    ] Using default C-based coordinate transformation...
[INFO    ] Applying sky value of 1.486408 to blotted image /Users/kbhirombhakdi/_work/Sidekicks/20200825/ie8a02xoq_X01_202002_G141/ie8a02xoq_flt.fits[sci,1]
[INFO    ] -Generating simple FITS output: /Users/kbhirombhakdi/_work/Sidekicks/20200825/ie8a02xoq_X01_202002_G141/ie8a02xoq_sci1_blt.fits
[INFO    ] Writing out image to disk: /Users/kbhirombhakdi/_work/Sidekicks/20200825/ie8a02xoq_X01_202002_G141/ie8a02xoq_sci1_blt.fits
[INFO    ]     Blot: creating blotted image:  /Users/kbhirombhakdi/_work/Sidekicks/20200825/ie8a02xpq_X01_202002_G141/ie8a02xpq_flt.fits[sci,1]
[INFO    ] Using default C-based coordinate transformation...
[INFO    ] Applying sky value of 1.469124 to blotted image /Users/kbhirombhakdi/_work/Sidekicks/20200825/ie8a02xpq_X01_202002_G141/ie8a02xpq_flt.fits[sci,1]
[INFO    ] -Generating simple FITS output: /Users/kbhirombhakdi/_work/Sidekicks/20200825/ie8a02xpq_X01_202002_G141/ie8a02xpq_sci1_blt.fits
[INFO    ] Writing out image to disk: /Users/kbhirombhakdi/_work/Sidekicks/20200825/ie8a02xpq_X01_202002_G141/ie8a02xpq_sci1_blt.fits
[INFO    ] ==== Processing Step Blot finished at 13:50:51.551 (25/08/2020)
[INFO    ] ==== Processing Step  Driz_CR  started at  13:50:51.552 (25/08/2020)
[INFO    ] 
[INFO    ] USER INPUT PARAMETERS for Driz_CR Step:
[INFO    ] 	crbit :	4096
[INFO    ] 	driz_cr :	True
[INFO    ] 	driz_cr_corr :	True
[INFO    ] 	driz_cr_ctegrow :	0
[INFO    ] 	driz_cr_grow :	1
[INFO    ] 	driz_cr_scale :	1.2 0.7
[INFO    ] 	driz_cr_snr :	3.5 3.0
[INFO    ] 	inmemory :	False
[INFO    ] Executing 6 parallel workers
[WARNING ] /Users/kbhirombhakdi/anaconda3/envs/py3/lib/python3.7/site-packages/drizzlepac/drizCR.py:205: RuntimeWarning: invalid value encountered in less_equal
  tmp1 = t1 <= t2

[WARNING ] /Users/kbhirombhakdi/anaconda3/envs/py3/lib/python3.7/site-packages/drizzlepac/drizCR.py:205: RuntimeWarning: invalid value encountered in less_equal
  tmp1 = t1 <= t2

[WARNING ] /Users/kbhirombhakdi/anaconda3/envs/py3/lib/python3.7/site-packages/drizzlepac/drizCR.py:205: RuntimeWarning: invalid value encountered in less_equal
  tmp1 = t1 <= t2

[WARNING ] /Users/kbhirombhakdi/anaconda3/envs/py3/lib/python3.7/site-packages/drizzlepac/drizCR.py:205: RuntimeWarning: invalid value encountered in less_equal
  tmp1 = t1 <= t2

[WARNING ] /Users/kbhirombhakdi/anaconda3/envs/py3/lib/python3.7/site-packages/drizzlepac/drizCR.py:205: RuntimeWarning: invalid value encountered in less_equal
  tmp1 = t1 <= t2

[WARNING ] /Users/kbhirombhakdi/anaconda3/envs/py3/lib/python3.7/site-packages/drizzlepac/drizCR.py:215: RuntimeWarning: invalid value encountered in less_equal
  cr_mask = (t1 <= t2) | (tmp2 >= 9)

[WARNING ] /Users/kbhirombhakdi/anaconda3/envs/py3/lib/python3.7/site-packages/drizzlepac/drizCR.py:205: RuntimeWarning: invalid value encountered in less_equal
  tmp1 = t1 <= t2

[WARNING ] /Users/kbhirombhakdi/anaconda3/envs/py3/lib/python3.7/site-packages/drizzlepac/drizCR.py:215: RuntimeWarning: invalid value encountered in less_equal
  cr_mask = (t1 <= t2) | (tmp2 >= 9)

[WARNING ] /Users/kbhirombhakdi/anaconda3/envs/py3/lib/python3.7/site-packages/drizzlepac/drizCR.py:215: RuntimeWarning: invalid value encountered in less_equal
  cr_mask = (t1 <= t2) | (tmp2 >= 9)

[WARNING ] /Users/kbhirombhakdi/anaconda3/envs/py3/lib/python3.7/site-packages/drizzlepac/drizCR.py:215: RuntimeWarning: invalid value encountered in less_equal
  cr_mask = (t1 <= t2) | (tmp2 >= 9)

[INFO    ] Creating output: /Users/kbhirombhakdi/_work/Sidekicks/20200825/ie8a02xiq_X01_202002_G141/ie8a02xiq_sci1_crmask.fits
[WARNING ] /Users/kbhirombhakdi/anaconda3/envs/py3/lib/python3.7/site-packages/drizzlepac/drizCR.py:215: RuntimeWarning: invalid value encountered in less_equal
  cr_mask = (t1 <= t2) | (tmp2 >= 9)

[INFO    ] Creating output: /Users/kbhirombhakdi/_work/Sidekicks/20200825/ie8a02xgq_X01_202002_G141/ie8a02xgq_sci1_crmask.fits
[WARNING ] /Users/kbhirombhakdi/anaconda3/envs/py3/lib/python3.7/site-packages/drizzlepac/drizCR.py:215: RuntimeWarning: invalid value encountered in less_equal
  cr_mask = (t1 <= t2) | (tmp2 >= 9)

[INFO    ] Creating output: /Users/kbhirombhakdi/_work/Sidekicks/20200825/ie8a02xmq_X01_202002_G141/ie8a02xmq_sci1_crmask.fits
[INFO    ] Creating output: /Users/kbhirombhakdi/_work/Sidekicks/20200825/ie8a02xjq_X01_202002_G141/ie8a02xjq_sci1_crmask.fits
[INFO    ] Creating output: /Users/kbhirombhakdi/_work/Sidekicks/20200825/ie8a02xoq_X01_202002_G141/ie8a02xoq_sci1_crmask.fits
[INFO    ] Creating output: /Users/kbhirombhakdi/_work/Sidekicks/20200825/ie8a02xpq_X01_202002_G141/ie8a02xpq_sci1_crmask.fits
[INFO    ] Created CR corrected file: '/Users/kbhirombhakdi/_work/Sidekicks/20200825/ie8a02xiq_X01_202002_G141/ie8a02xiq_crclean.fits'
[INFO    ] Created CR corrected file: '/Users/kbhirombhakdi/_work/Sidekicks/20200825/ie8a02xgq_X01_202002_G141/ie8a02xgq_crclean.fits'
[INFO    ] Created CR corrected file: '/Users/kbhirombhakdi/_work/Sidekicks/20200825/ie8a02xjq_X01_202002_G141/ie8a02xjq_crclean.fits'
[INFO    ] Created CR corrected file: '/Users/kbhirombhakdi/_work/Sidekicks/20200825/ie8a02xmq_X01_202002_G141/ie8a02xmq_crclean.fits'
[INFO    ] Created CR corrected file: '/Users/kbhirombhakdi/_work/Sidekicks/20200825/ie8a02xoq_X01_202002_G141/ie8a02xoq_crclean.fits'
[INFO    ] Created CR corrected file: '/Users/kbhirombhakdi/_work/Sidekicks/20200825/ie8a02xpq_X01_202002_G141/ie8a02xpq_crclean.fits'
[INFO    ] ==== Processing Step Driz_CR finished at 13:50:52.86 (25/08/2020)
[INFO    ] ==== Processing Step  Final Drizzle  started at  13:50:52.878 (25/08/2020)
[INFO    ] 
[INFO    ] Interpreted paramDict with single=False as:
{'build': True, 'stepsize': 10, 'coeffs': True, 'wcskey': '', 'wht_type': 'EXP', 'kernel': 'square', 'wt_scl': 'exptime', 'pixfrac': 1.0, 'fillval': None, 'maskval': None, 'bits': 0, 'units': 'cps'}
[INFO    ] USER INPUT PARAMETERS for Final Drizzle Step:
[INFO    ] 	bits :	0
[INFO    ] 	build :	True
[INFO    ] 	clean :	True
[INFO    ] 	coeffs :	True
[INFO    ] 	crbit :	4096
[INFO    ] 	fillval :	None
[INFO    ] 	kernel :	square
[INFO    ] 	maskval :	None
[INFO    ] 	pixfrac :	1.0
[INFO    ] 	proc_unit :	native
[INFO    ] 	stepsize :	10
[INFO    ] 	units :	cps
[INFO    ] 	wcskey :	
[INFO    ] 	wht_type :	EXP
[INFO    ] 	wt_scl :	exptime
[INFO    ]   **Using sub-sampling value of 10 for kernel square
[INFO    ] Running Drizzle to create output frame with WCS of: 
[INFO    ] WCS Keywords
[INFO    ] 
[INFO    ] CD_11  CD_12: -2.0613455533815e-05 -2.8166797245663e-05
[INFO    ] CD_21  CD_22: -3.1466330079188e-05 1.8317547605308e-05
[INFO    ] CRVAL    : 44.53283072447 -8.9612438312862
[INFO    ] CRPIX    : 507.0 507.0
[INFO    ] NAXIS    : 1014 1014
[INFO    ] Plate Scale : 0.13542147699295284
[INFO    ] ORIENTAT : -56.963079436501
[INFO    ] -Drizzle input: /Users/kbhirombhakdi/_work/Sidekicks/20200825/ie8a02xgq_X01_202002_G141/ie8a02xgq_flt.fits[sci,1]
[INFO    ] Applying sky value of 1.516052 to /Users/kbhirombhakdi/_work/Sidekicks/20200825/ie8a02xgq_X01_202002_G141/ie8a02xgq_flt.fits[sci,1]
[INFO    ] Applying EXPTIME weighting to DQ mask for chip 1
[INFO    ] Using WCSLIB-based coordinate transformation...
[INFO    ] stepsize = 10
[INFO    ] -Drizzling using kernel = square

[WARNING ] ! 10156 points were outside the output image.
[INFO    ] -Drizzle input: /Users/kbhirombhakdi/_work/Sidekicks/20200825/ie8a02xiq_X01_202002_G141/ie8a02xiq_flt.fits[sci,1]
[INFO    ] Applying sky value of 1.487514 to /Users/kbhirombhakdi/_work/Sidekicks/20200825/ie8a02xiq_X01_202002_G141/ie8a02xiq_flt.fits[sci,1]
[INFO    ] Applying EXPTIME weighting to DQ mask for chip 1
[INFO    ] Using WCSLIB-based coordinate transformation...
[INFO    ] stepsize = 10
[INFO    ] -Drizzling using kernel = square

[WARNING ] ! 10849 points were outside the output image.
[INFO    ] -Drizzle input: /Users/kbhirombhakdi/_work/Sidekicks/20200825/ie8a02xjq_X01_202002_G141/ie8a02xjq_flt.fits[sci,1]
[INFO    ] Applying sky value of 1.472513 to /Users/kbhirombhakdi/_work/Sidekicks/20200825/ie8a02xjq_X01_202002_G141/ie8a02xjq_flt.fits[sci,1]
[INFO    ] Applying EXPTIME weighting to DQ mask for chip 1
[INFO    ] Using WCSLIB-based coordinate transformation...
[INFO    ] stepsize = 10
[INFO    ] -Drizzling using kernel = square

[WARNING ] ! 31221 points were outside the output image.
[INFO    ] -Drizzle input: /Users/kbhirombhakdi/_work/Sidekicks/20200825/ie8a02xmq_X01_202002_G141/ie8a02xmq_flt.fits[sci,1]
[INFO    ] Applying sky value of 1.517184 to /Users/kbhirombhakdi/_work/Sidekicks/20200825/ie8a02xmq_X01_202002_G141/ie8a02xmq_flt.fits[sci,1]
[INFO    ] Applying EXPTIME weighting to DQ mask for chip 1
[INFO    ] Using WCSLIB-based coordinate transformation...
[INFO    ] stepsize = 10
[INFO    ] -Drizzling using kernel = square

[WARNING ] ! 11704 points were outside the output image.
[INFO    ] -Drizzle input: /Users/kbhirombhakdi/_work/Sidekicks/20200825/ie8a02xoq_X01_202002_G141/ie8a02xoq_flt.fits[sci,1]
[INFO    ] Applying sky value of 1.486408 to /Users/kbhirombhakdi/_work/Sidekicks/20200825/ie8a02xoq_X01_202002_G141/ie8a02xoq_flt.fits[sci,1]
[INFO    ] Applying EXPTIME weighting to DQ mask for chip 1
[INFO    ] Using WCSLIB-based coordinate transformation...
[INFO    ] stepsize = 10
[INFO    ] -Drizzling using kernel = square

[WARNING ] ! 21550 points were outside the output image.
[INFO    ] -Drizzle input: /Users/kbhirombhakdi/_work/Sidekicks/20200825/ie8a02xpq_X01_202002_G141/ie8a02xpq_flt.fits[sci,1]
[INFO    ] Applying sky value of 1.469124 to /Users/kbhirombhakdi/_work/Sidekicks/20200825/ie8a02xpq_X01_202002_G141/ie8a02xpq_flt.fits[sci,1]
[INFO    ] Applying EXPTIME weighting to DQ mask for chip 1
[INFO    ] Using WCSLIB-based coordinate transformation...
[INFO    ] stepsize = 10
[INFO    ] -Drizzling using kernel = square

[WARNING ] ! 41812 points were outside the output image.
[INFO    ] -Generating multi-extension output file:  X01_202002_G141_drz.fits
[INFO    ] Deleted all instances of WCS with key A in extensions [1]
[INFO    ] Writing out to disk: X01_202002_G141_drz.fits
[WARNING ] /Users/kbhirombhakdi/anaconda3/envs/py3/lib/python3.7/site-packages/astropy/io/fits/card.py:1003: VerifyWarning: Card is too long, comment will be truncated.
  VerifyWarning)

[INFO    ] ==== Processing Step Final Drizzle finished at 13:50:55.662 (25/08/2020)
[INFO    ] 
[INFO    ] AstroDrizzle Version 3.1.6 is finished processing at 13:50:55.664 (25/08/2020).
[INFO    ] 
[INFO    ] 
[INFO    ] 
[INFO    ]    --------------------          --------------------
[INFO    ]                    Step          Elapsed time
[INFO    ]    --------------------          --------------------
[INFO    ] 
[INFO    ]          Initialization          0.9364 sec.
[INFO    ]             Static Mask          0.0022 sec.
[INFO    ]            Subtract Sky          0.7225 sec.
[INFO    ]        Separate Drizzle          1.0598 sec.
[INFO    ]           Create Median          0.9924 sec.
[INFO    ]                    Blot          2.1791 sec.
[INFO    ]                 Driz_CR          1.3148 sec.
[INFO    ]           Final Drizzle          2.7836 sec.
[INFO    ]    ====================          ====================
[INFO    ]                   Total          9.9907 sec.
[INFO    ] 
[INFO    ] Removing intermediate files for /Users/kbhirombhakdi/_work/Sidekicks/20200825/ie8a02xgq_X01_202002_G141/ie8a02xgq_flt.fits
[INFO    ] Removing intermediate files for /Users/kbhirombhakdi/_work/Sidekicks/20200825/ie8a02xiq_X01_202002_G141/ie8a02xiq_flt.fits
[INFO    ] Removing intermediate files for /Users/kbhirombhakdi/_work/Sidekicks/20200825/ie8a02xjq_X01_202002_G141/ie8a02xjq_flt.fits
[INFO    ] Removing intermediate files for /Users/kbhirombhakdi/_work/Sidekicks/20200825/ie8a02xmq_X01_202002_G141/ie8a02xmq_flt.fits
[INFO    ] Removing intermediate files for /Users/kbhirombhakdi/_work/Sidekicks/20200825/ie8a02xoq_X01_202002_G141/ie8a02xoq_flt.fits
[INFO    ] Removing intermediate files for /Users/kbhirombhakdi/_work/Sidekicks/20200825/ie8a02xpq_X01_202002_G141/ie8a02xpq_flt.fits
[INFO    ] Trailer file written to:  astrodrizzle.log
