[INFO    ] Setting up logfile :  astrodrizzle.log
[INFO    ] AstroDrizzle Version 3.1.6 (2020-02-19 16:16:30 -0500) started at: 11:10:53.782 (07/08/2020)
[INFO    ] 
[INFO    ] Version Information
[INFO    ] --------------------
[INFO    ] Python Version [Clang 9.0.1 ]
[INFO    ] 3.7.6 | packaged by conda-forge | (default, Jun  1 2020, 18:33:30) 
[INFO    ] numpy Version -> 1.18.5 
[INFO    ] astropy Version -> 4.0.1.post1 
[INFO    ] stwcs Version -> 1.5.3 
[INFO    ] ==== Processing Step  Initialization  started at  11:10:53.78 (07/08/2020)
[INFO    ] 
[INFO    ] Executing serially
[INFO    ] Setting up output name: GD153_drz.fits
[INFO    ] -Creating imageObject List as input for processing steps.
[INFO    ] Reading in MDRIZSKY of 2.154218435287476
[INFO    ] Reading in MDRIZSKY of 2.129157066345215
[INFO    ] Reading in MDRIZSKY of 2.10869026184082
[INFO    ] Reading in MDRIZSKY of 2.074530839920044
[INFO    ] Reset bit values of 4096 to a value of 0 in /Users/kbhirombhakdi/_work/Sidekicks/20200807/iab904mgq_GD153/iab904mgq_flt.fits[DQ,1]
[INFO    ] Reset bit values of 4096 to a value of 0 in /Users/kbhirombhakdi/_work/Sidekicks/20200807/iab904mkq_GD153/iab904mkq_flt.fits[DQ,1]
[INFO    ] Reset bit values of 4096 to a value of 0 in /Users/kbhirombhakdi/_work/Sidekicks/20200807/iab904mlq_GD153/iab904mlq_flt.fits[DQ,1]
[INFO    ] Reset bit values of 4096 to a value of 0 in /Users/kbhirombhakdi/_work/Sidekicks/20200807/iab904mmq_GD153/iab904mmq_flt.fits[DQ,1]
[INFO    ] -Creating output WCS.
[INFO    ] Creating OUTPUT WCS from ./iab904mgq_GD153/iab904mgq_flt.fits[1]
[INFO    ] WCS Keywords
[INFO    ] 
[INFO    ] CD_11  CD_12: -2.9243570707528e-05 -2.1222998608594e-05
[INFO    ] CD_21  CD_22: -2.3663234259257e-05 2.60491438557356e-05
[INFO    ] CRVAL    : 194.2556769298195 22.02609672203769
[INFO    ] CRPIX    : 507.0 507.0
[INFO    ] NAXIS    : 1014 1014
[INFO    ] Plate Scale : 0.13542581245839821
[INFO    ] ORIENTAT : -39.17071040057575
[INFO    ] ********************************************************************************
[INFO    ] *
[INFO    ] *  Estimated memory usage:  up to 78 Mb.
[INFO    ] *  Output image size:       1014 X 1014 pixels. 
[INFO    ] *  Output image file:       ~ 11 Mb. 
[INFO    ] *  Cores available:         4
[INFO    ] *
[INFO    ] ********************************************************************************
[INFO    ] ==== Processing Step Initialization finished at 11:10:54.617 (07/08/2020)
[INFO    ] USER INPUT PARAMETERS common to all Processing Steps:
[INFO    ] 	build :	True
[INFO    ] 	coeffs :	True
[INFO    ] 	context :	True
[INFO    ] 	crbit :	4096
[INFO    ] 	group :	
[INFO    ] 	in_memory :	False
[INFO    ] 	input :	['./iab904mgq_GD153/iab904mgq_flt.fits', './iab904mkq_GD153/iab904mkq_flt.fits', './iab904mlq_GD153/iab904mlq_flt.fits', './iab904mmq_GD153/iab904mmq_flt.fits']
[INFO    ] 	mdriztab :	False
[INFO    ] 	num_cores :	None
[INFO    ] 	output :	GD153
[INFO    ] 	proc_unit :	native
[INFO    ] 	resetbits :	4096
[INFO    ] 	runfile :	astrodrizzle.log
[INFO    ] 	stepsize :	10
[INFO    ] 	updatewcs :	False
[INFO    ] 	wcskey :	
[INFO    ] ==== Processing Step  Static Mask  started at  11:10:54.619 (07/08/2020)
[INFO    ] 
[INFO    ] Static Mask step not performed.
[INFO    ] ==== Processing Step Static Mask finished at 11:10:54.621 (07/08/2020)
[INFO    ] ==== Processing Step  Subtract Sky  started at  11:10:54.621 (07/08/2020)
[INFO    ] 
[INFO    ] USER INPUT PARAMETERS for Sky Subtraction Step:
[INFO    ] 	sky_bits :	0
[INFO    ] 	skyclip :	5
[INFO    ] 	skyfile :	
[INFO    ] 	skylower :	None
[INFO    ] 	skylsigma :	4.0
[INFO    ] 	skymask_cat :	
[INFO    ] 	skymethod :	localmin
[INFO    ] 	skystat :	median
[INFO    ] 	skysub :	True
[INFO    ] 	skyupper :	None
[INFO    ] 	skyuser :	
[INFO    ] 	skyusigma :	4.0
[INFO    ] 	skywidth :	0.1
[INFO    ] 	use_static :	True
[WARNING ] Static mask for file '/Users/kbhirombhakdi/_work/Sidekicks/20200807/iab904mgq_GD153/iab904mgq_flt.fits', ext=('SCI', 1) NOT FOUND.
[WARNING ] Static mask for file '/Users/kbhirombhakdi/_work/Sidekicks/20200807/iab904mkq_GD153/iab904mkq_flt.fits', ext=('SCI', 1) NOT FOUND.
[WARNING ] Static mask for file '/Users/kbhirombhakdi/_work/Sidekicks/20200807/iab904mlq_GD153/iab904mlq_flt.fits', ext=('SCI', 1) NOT FOUND.
[WARNING ] Static mask for file '/Users/kbhirombhakdi/_work/Sidekicks/20200807/iab904mmq_GD153/iab904mmq_flt.fits', ext=('SCI', 1) NOT FOUND.
[INFO    ] ***** skymatch started on 2020-08-07 11:10:54.696293
[INFO    ]       Version 1.0.5
[INFO    ] 
[INFO    ] 'skymatch' task will apply computed sky differences to input image file(s).
[INFO    ] 
[INFO    ] NOTE: Computed sky values WILL NOT be subtracted from image data ('subtractsky'=False).
[INFO    ] 'MDRIZSKY' header keyword will represent sky value *computed* from data.
[INFO    ] 
[INFO    ] -----  User specified keywords:  -----
[INFO    ]        Sky Value Keyword:  'MDRIZSKY'
[INFO    ]        Data Units Keyword: 'BUNIT'
[INFO    ] 
[INFO    ] 
[INFO    ] -----  Input file list:  -----
[INFO    ] 
[INFO    ]    **  Input image: 'iab904mgq_flt.fits'
[INFO    ]        EXT: 'SCI',1;	MASK: iab904mgq_skymatch_mask_sci1.fits[0]
[INFO    ] 
[INFO    ]    **  Input image: 'iab904mkq_flt.fits'
[INFO    ]        EXT: 'SCI',1;	MASK: iab904mkq_skymatch_mask_sci1.fits[0]
[INFO    ] 
[INFO    ]    **  Input image: 'iab904mlq_flt.fits'
[INFO    ]        EXT: 'SCI',1;	MASK: iab904mlq_skymatch_mask_sci1.fits[0]
[INFO    ] 
[INFO    ]    **  Input image: 'iab904mmq_flt.fits'
[INFO    ]        EXT: 'SCI',1;	MASK: iab904mmq_skymatch_mask_sci1.fits[0]
[INFO    ] 
[INFO    ] -----  Sky statistics parameters:  -----
[INFO    ]        statistics function: 'median'
[INFO    ]        lower = None
[INFO    ]        upper = None
[INFO    ]        nclip = 5
[INFO    ]        lsigma = 4.0
[INFO    ]        usigma = 4.0
[INFO    ]        binwidth = 0.1
[INFO    ] 
[INFO    ] -----  Data->Brightness conversion parameters for input files:  -----
[INFO    ] 
[INFO    ]    *   Image: iab904mgq_flt.fits
[INFO    ]        EXT = 'SCI',1
[INFO    ]              Data units type: COUNT-RATE
[INFO    ]              Conversion factor (data->brightness):  60.797431635711504
[INFO    ] 
[INFO    ]    *   Image: iab904mkq_flt.fits
[INFO    ]        EXT = 'SCI',1
[INFO    ]              Data units type: COUNT-RATE
[INFO    ]              Conversion factor (data->brightness):  60.797431635711504
[INFO    ] 
[INFO    ]    *   Image: iab904mlq_flt.fits
[INFO    ]        EXT = 'SCI',1
[INFO    ]              Data units type: COUNT-RATE
[INFO    ]              Conversion factor (data->brightness):  60.797431635711504
[INFO    ] 
[INFO    ]    *   Image: iab904mmq_flt.fits
[INFO    ]        EXT = 'SCI',1
[INFO    ]              Data units type: COUNT-RATE
[INFO    ]              Conversion factor (data->brightness):  60.797431635711504
[INFO    ] 
[INFO    ] 
[INFO    ] -----  Computing sky values requested image extensions (detector chips):  -----
[INFO    ] 
[INFO    ]    *   Image:   'iab904mgq_flt.fits['SCI',1]'  --  SKY = 133.96057623816216 (brightness units)
[INFO    ]        Sky change (data units):
[INFO    ]       - EXT = 'SCI',1   delta(MDRIZSKY) = 2.20339   NEW MDRIZSKY = 2.20339
[INFO    ]    *   Image:   'iab904mkq_flt.fits['SCI',1]'  --  SKY = 132.42861809748294 (brightness units)
[INFO    ]        Sky change (data units):
[INFO    ]       - EXT = 'SCI',1   delta(MDRIZSKY) = 2.17819   NEW MDRIZSKY = 2.17819
[INFO    ]    *   Image:   'iab904mlq_flt.fits['SCI',1]'  --  SKY = 131.14309348552234 (brightness units)
[INFO    ]        Sky change (data units):
[INFO    ]       - EXT = 'SCI',1   delta(MDRIZSKY) = 2.15705   NEW MDRIZSKY = 2.15705
[INFO    ]    *   Image:   'iab904mmq_flt.fits['SCI',1]'  --  SKY = 128.9469200877127 (brightness units)
[INFO    ]        Sky change (data units):
[INFO    ]       - EXT = 'SCI',1   delta(MDRIZSKY) = 2.12093   NEW MDRIZSKY = 2.12093
[INFO    ] ***** skymatch ended on 2020-08-07 11:10:55.086685
[INFO    ] TOTAL RUN TIME: 0:00:00.390392
[INFO    ] ==== Processing Step Subtract Sky finished at 11:10:55.225 (07/08/2020)
[INFO    ] ==== Processing Step  Separate Drizzle  started at  11:10:55.227 (07/08/2020)
[INFO    ] 
[INFO    ] Interpreted paramDict with single=True as:
{'build': True, 'stepsize': 10, 'coeffs': True, 'wcskey': '', 'kernel': 'turbo', 'wt_scl': 'exptime', 'pixfrac': 1.0, 'fillval': None, 'bits': 0, 'compress': False, 'units': 'cps'}
[INFO    ] USER INPUT PARAMETERS for Separate Drizzle Step:
[INFO    ] 	bits :	0
[INFO    ] 	build :	False
[INFO    ] 	clean :	False
[INFO    ] 	coeffs :	True
[INFO    ] 	compress :	False
[INFO    ] 	crbit :	None
[INFO    ] 	fillval :	None
[INFO    ] 	kernel :	turbo
[INFO    ] 	num_cores :	None
[INFO    ] 	pixfrac :	1.0
[INFO    ] 	proc_unit :	electrons
[INFO    ] 	stepsize :	10
[INFO    ] 	units :	cps
[INFO    ] 	wcskey :	
[INFO    ] 	wht_type :	None
[INFO    ] 	wt_scl :	exptime
[INFO    ]   **Using sub-sampling value of 10 for kernel turbo
[INFO    ] Running Drizzle to create output frame with WCS of: 
[INFO    ] WCS Keywords
[INFO    ] 
[INFO    ] Number of WCS axes: 2
[INFO    ] CTYPE : 'RA---TAN'  'DEC--TAN'  
[INFO    ] CRVAL : 194.2553577300673  22.02603210005233  
[INFO    ] CRPIX : 546.5  484.0  
[INFO    ] CD1_1 CD1_2  : -2.7763162498824325e-05  -2.2323697939371214e-05  
[INFO    ] CD2_1 CD2_2  : -2.2323697939371214e-05  2.7763162498824325e-05  
[INFO    ] NAXIS : 1093  968
[INFO    ] Executing 4 parallel workers
[INFO    ] -Drizzle input: /Users/kbhirombhakdi/_work/Sidekicks/20200807/iab904mgq_GD153/iab904mgq_flt.fits[sci,1]
[INFO    ] -Drizzle input: /Users/kbhirombhakdi/_work/Sidekicks/20200807/iab904mkq_GD153/iab904mkq_flt.fits[sci,1]
[INFO    ] -Drizzle input: /Users/kbhirombhakdi/_work/Sidekicks/20200807/iab904mlq_GD153/iab904mlq_flt.fits[sci,1]
[INFO    ] -Drizzle input: /Users/kbhirombhakdi/_work/Sidekicks/20200807/iab904mmq_GD153/iab904mmq_flt.fits[sci,1]
[INFO    ] Applying sky value of 2.203392 to /Users/kbhirombhakdi/_work/Sidekicks/20200807/iab904mgq_GD153/iab904mgq_flt.fits[sci,1]
[INFO    ] Applying sky value of 2.178194 to /Users/kbhirombhakdi/_work/Sidekicks/20200807/iab904mkq_GD153/iab904mkq_flt.fits[sci,1]
[INFO    ] Applying sky value of 2.157050 to /Users/kbhirombhakdi/_work/Sidekicks/20200807/iab904mlq_GD153/iab904mlq_flt.fits[sci,1]
[INFO    ] Applying sky value of 2.120927 to /Users/kbhirombhakdi/_work/Sidekicks/20200807/iab904mmq_GD153/iab904mmq_flt.fits[sci,1]
[INFO    ] Writing out mask file: /Users/kbhirombhakdi/_work/Sidekicks/20200807/iab904mgq_GD153/iab904mgq_sci1_single_mask.fits
[INFO    ] Using WCSLIB-based coordinate transformation...
[INFO    ] stepsize = 10
[INFO    ] -Drizzling using kernel = turbo

[INFO    ] Writing out mask file: /Users/kbhirombhakdi/_work/Sidekicks/20200807/iab904mkq_GD153/iab904mkq_sci1_single_mask.fits
[INFO    ] Using WCSLIB-based coordinate transformation...
[INFO    ] stepsize = 10
[INFO    ] -Drizzling using kernel = turbo

[INFO    ] Writing out mask file: /Users/kbhirombhakdi/_work/Sidekicks/20200807/iab904mlq_GD153/iab904mlq_sci1_single_mask.fits
[INFO    ] Writing out mask file: /Users/kbhirombhakdi/_work/Sidekicks/20200807/iab904mmq_GD153/iab904mmq_sci1_single_mask.fits
[INFO    ] Using WCSLIB-based coordinate transformation...
[INFO    ] stepsize = 10
[INFO    ] Using WCSLIB-based coordinate transformation...
[INFO    ] stepsize = 10
[INFO    ] -Drizzling using kernel = turbo

[INFO    ] -Drizzling using kernel = turbo

[INFO    ] -Generating simple FITS output: /Users/kbhirombhakdi/_work/Sidekicks/20200807/iab904mgq_GD153/iab904mgq_single_sci.fits
[INFO    ] -Generating simple FITS output: /Users/kbhirombhakdi/_work/Sidekicks/20200807/iab904mkq_GD153/iab904mkq_single_sci.fits
[INFO    ] -Generating simple FITS output: /Users/kbhirombhakdi/_work/Sidekicks/20200807/iab904mmq_GD153/iab904mmq_single_sci.fits
[INFO    ] -Generating simple FITS output: /Users/kbhirombhakdi/_work/Sidekicks/20200807/iab904mlq_GD153/iab904mlq_single_sci.fits
[WARNING ] /Users/kbhirombhakdi/anaconda3/envs/py3/lib/python3.7/site-packages/astropy/io/fits/card.py:1003: VerifyWarning: Card is too long, comment will be truncated.
  VerifyWarning)

[WARNING ] /Users/kbhirombhakdi/anaconda3/envs/py3/lib/python3.7/site-packages/astropy/io/fits/card.py:1003: VerifyWarning: Card is too long, comment will be truncated.
  VerifyWarning)

[WARNING ] /Users/kbhirombhakdi/anaconda3/envs/py3/lib/python3.7/site-packages/astropy/io/fits/card.py:1003: VerifyWarning: Card is too long, comment will be truncated.
  VerifyWarning)

[WARNING ] /Users/kbhirombhakdi/anaconda3/envs/py3/lib/python3.7/site-packages/astropy/io/fits/card.py:1003: VerifyWarning: Card is too long, comment will be truncated.
  VerifyWarning)

[INFO    ] Writing out image to disk: /Users/kbhirombhakdi/_work/Sidekicks/20200807/iab904mgq_GD153/iab904mgq_single_sci.fits
[INFO    ] Writing out image to disk: /Users/kbhirombhakdi/_work/Sidekicks/20200807/iab904mkq_GD153/iab904mkq_single_sci.fits
[INFO    ] Writing out image to disk: /Users/kbhirombhakdi/_work/Sidekicks/20200807/iab904mmq_GD153/iab904mmq_single_sci.fits
[INFO    ] Writing out image to disk: /Users/kbhirombhakdi/_work/Sidekicks/20200807/iab904mlq_GD153/iab904mlq_single_sci.fits
[INFO    ] Writing out image to disk: /Users/kbhirombhakdi/_work/Sidekicks/20200807/iab904mgq_GD153/iab904mgq_single_wht.fits
[INFO    ] Writing out image to disk: /Users/kbhirombhakdi/_work/Sidekicks/20200807/iab904mkq_GD153/iab904mkq_single_wht.fits
[INFO    ] Writing out image to disk: /Users/kbhirombhakdi/_work/Sidekicks/20200807/iab904mmq_GD153/iab904mmq_single_wht.fits
[INFO    ] Writing out image to disk: /Users/kbhirombhakdi/_work/Sidekicks/20200807/iab904mlq_GD153/iab904mlq_single_wht.fits
[INFO    ] ==== Processing Step Separate Drizzle finished at 11:10:56.286 (07/08/2020)
[INFO    ] ==== Processing Step  Create Median  started at  11:10:56.291 (07/08/2020)
[INFO    ] 
[INFO    ] USER INPUT PARAMETERS for Create Median Step:
[INFO    ] 	combine_bufsize :	None
[INFO    ] 	combine_grow :	1
[INFO    ] 	combine_hthresh :	None
[INFO    ] 	combine_lthresh :	None
[INFO    ] 	combine_maskpt :	0.3
[INFO    ] 	combine_nhigh :	1
[INFO    ] 	combine_nlow :	0
[INFO    ] 	combine_nsigma :	4 3
[INFO    ] 	combine_type :	median
[INFO    ] 	compress :	False
[INFO    ] 	median :	True
[INFO    ] 	median_newmasks :	True
[INFO    ] 	proc_unit :	native
[INFO    ] reference sky value for image '/Users/kbhirombhakdi/_work/Sidekicks/20200807/iab904mgq_GD153/iab904mgq_flt.fits' is 226.80469102632142
[INFO    ] reference sky value for image '/Users/kbhirombhakdi/_work/Sidekicks/20200807/iab904mkq_GD153/iab904mkq_flt.fits' is 224.21097799134404
[INFO    ] reference sky value for image '/Users/kbhirombhakdi/_work/Sidekicks/20200807/iab904mlq_GD153/iab904mlq_flt.fits' is 222.03449427792597
[INFO    ] reference sky value for image '/Users/kbhirombhakdi/_work/Sidekicks/20200807/iab904mmq_GD153/iab904mmq_flt.fits' is 430.4081025295937
[INFO    ] Saving output median image to: 'GD153_med.fits'
[INFO    ] ==== Processing Step Create Median finished at 11:10:56.978 (07/08/2020)
[INFO    ] ==== Processing Step  Blot  started at  11:10:56.979 (07/08/2020)
[INFO    ] 
[INFO    ] USER INPUT PARAMETERS for Blot Step:
[INFO    ] 	blot_addsky :	True
[INFO    ] 	blot_interp :	poly5
[INFO    ] 	blot_sinscl :	1.0
[INFO    ] 	blot_skyval :	0.0
[INFO    ] 	coeffs :	True
[INFO    ]     Blot: creating blotted image:  /Users/kbhirombhakdi/_work/Sidekicks/20200807/iab904mgq_GD153/iab904mgq_flt.fits[sci,1]
[INFO    ] Using default C-based coordinate transformation...
[INFO    ] Applying sky value of 2.203392 to blotted image /Users/kbhirombhakdi/_work/Sidekicks/20200807/iab904mgq_GD153/iab904mgq_flt.fits[sci,1]
[INFO    ] -Generating simple FITS output: /Users/kbhirombhakdi/_work/Sidekicks/20200807/iab904mgq_GD153/iab904mgq_sci1_blt.fits
[INFO    ] Writing out image to disk: /Users/kbhirombhakdi/_work/Sidekicks/20200807/iab904mgq_GD153/iab904mgq_sci1_blt.fits
[INFO    ]     Blot: creating blotted image:  /Users/kbhirombhakdi/_work/Sidekicks/20200807/iab904mkq_GD153/iab904mkq_flt.fits[sci,1]
[INFO    ] Using default C-based coordinate transformation...
[INFO    ] Applying sky value of 2.178194 to blotted image /Users/kbhirombhakdi/_work/Sidekicks/20200807/iab904mkq_GD153/iab904mkq_flt.fits[sci,1]
[INFO    ] -Generating simple FITS output: /Users/kbhirombhakdi/_work/Sidekicks/20200807/iab904mkq_GD153/iab904mkq_sci1_blt.fits
[INFO    ] Writing out image to disk: /Users/kbhirombhakdi/_work/Sidekicks/20200807/iab904mkq_GD153/iab904mkq_sci1_blt.fits
[INFO    ]     Blot: creating blotted image:  /Users/kbhirombhakdi/_work/Sidekicks/20200807/iab904mlq_GD153/iab904mlq_flt.fits[sci,1]
[INFO    ] Using default C-based coordinate transformation...
[INFO    ] Applying sky value of 2.157050 to blotted image /Users/kbhirombhakdi/_work/Sidekicks/20200807/iab904mlq_GD153/iab904mlq_flt.fits[sci,1]
[INFO    ] -Generating simple FITS output: /Users/kbhirombhakdi/_work/Sidekicks/20200807/iab904mlq_GD153/iab904mlq_sci1_blt.fits
[INFO    ] Writing out image to disk: /Users/kbhirombhakdi/_work/Sidekicks/20200807/iab904mlq_GD153/iab904mlq_sci1_blt.fits
[INFO    ]     Blot: creating blotted image:  /Users/kbhirombhakdi/_work/Sidekicks/20200807/iab904mmq_GD153/iab904mmq_flt.fits[sci,1]
[INFO    ] Using default C-based coordinate transformation...
[INFO    ] Applying sky value of 2.120927 to blotted image /Users/kbhirombhakdi/_work/Sidekicks/20200807/iab904mmq_GD153/iab904mmq_flt.fits[sci,1]
[INFO    ] -Generating simple FITS output: /Users/kbhirombhakdi/_work/Sidekicks/20200807/iab904mmq_GD153/iab904mmq_sci1_blt.fits
[INFO    ] Writing out image to disk: /Users/kbhirombhakdi/_work/Sidekicks/20200807/iab904mmq_GD153/iab904mmq_sci1_blt.fits
[INFO    ] ==== Processing Step Blot finished at 11:10:58.306 (07/08/2020)
[INFO    ] ==== Processing Step  Driz_CR  started at  11:10:58.308 (07/08/2020)
[INFO    ] 
[INFO    ] USER INPUT PARAMETERS for Driz_CR Step:
[INFO    ] 	crbit :	4096
[INFO    ] 	driz_cr :	True
[INFO    ] 	driz_cr_corr :	True
[INFO    ] 	driz_cr_ctegrow :	0
[INFO    ] 	driz_cr_grow :	1
[INFO    ] 	driz_cr_scale :	1.2 0.7
[INFO    ] 	driz_cr_snr :	3.5 3.0
[INFO    ] 	inmemory :	False
[INFO    ] Executing 4 parallel workers
[WARNING ] /Users/kbhirombhakdi/anaconda3/envs/py3/lib/python3.7/site-packages/drizzlepac/drizCR.py:205: RuntimeWarning: invalid value encountered in less_equal
  tmp1 = t1 <= t2

[WARNING ] /Users/kbhirombhakdi/anaconda3/envs/py3/lib/python3.7/site-packages/drizzlepac/drizCR.py:205: RuntimeWarning: invalid value encountered in less_equal
  tmp1 = t1 <= t2

[WARNING ] /Users/kbhirombhakdi/anaconda3/envs/py3/lib/python3.7/site-packages/drizzlepac/drizCR.py:205: RuntimeWarning: invalid value encountered in less_equal
  tmp1 = t1 <= t2

[WARNING ] /Users/kbhirombhakdi/anaconda3/envs/py3/lib/python3.7/site-packages/drizzlepac/drizCR.py:205: RuntimeWarning: invalid value encountered in less_equal
  tmp1 = t1 <= t2

[WARNING ] /Users/kbhirombhakdi/anaconda3/envs/py3/lib/python3.7/site-packages/drizzlepac/drizCR.py:215: RuntimeWarning: invalid value encountered in less_equal
  cr_mask = (t1 <= t2) | (tmp2 >= 9)

[WARNING ] /Users/kbhirombhakdi/anaconda3/envs/py3/lib/python3.7/site-packages/drizzlepac/drizCR.py:215: RuntimeWarning: invalid value encountered in less_equal
  cr_mask = (t1 <= t2) | (tmp2 >= 9)

[WARNING ] /Users/kbhirombhakdi/anaconda3/envs/py3/lib/python3.7/site-packages/drizzlepac/drizCR.py:215: RuntimeWarning: invalid value encountered in less_equal
  cr_mask = (t1 <= t2) | (tmp2 >= 9)

[WARNING ] /Users/kbhirombhakdi/anaconda3/envs/py3/lib/python3.7/site-packages/drizzlepac/drizCR.py:215: RuntimeWarning: invalid value encountered in less_equal
  cr_mask = (t1 <= t2) | (tmp2 >= 9)

[INFO    ] Creating output: /Users/kbhirombhakdi/_work/Sidekicks/20200807/iab904mgq_GD153/iab904mgq_sci1_crmask.fits
[INFO    ] Creating output: /Users/kbhirombhakdi/_work/Sidekicks/20200807/iab904mkq_GD153/iab904mkq_sci1_crmask.fits
[INFO    ] Creating output: /Users/kbhirombhakdi/_work/Sidekicks/20200807/iab904mlq_GD153/iab904mlq_sci1_crmask.fits
[INFO    ] Creating output: /Users/kbhirombhakdi/_work/Sidekicks/20200807/iab904mmq_GD153/iab904mmq_sci1_crmask.fits
[INFO    ] Created CR corrected file: '/Users/kbhirombhakdi/_work/Sidekicks/20200807/iab904mkq_GD153/iab904mkq_crclean.fits'
[INFO    ] Created CR corrected file: '/Users/kbhirombhakdi/_work/Sidekicks/20200807/iab904mgq_GD153/iab904mgq_crclean.fits'
[INFO    ] Created CR corrected file: '/Users/kbhirombhakdi/_work/Sidekicks/20200807/iab904mmq_GD153/iab904mmq_crclean.fits'
[INFO    ] Created CR corrected file: '/Users/kbhirombhakdi/_work/Sidekicks/20200807/iab904mlq_GD153/iab904mlq_crclean.fits'
[INFO    ] ==== Processing Step Driz_CR finished at 11:10:59.471 (07/08/2020)
[INFO    ] ==== Processing Step  Final Drizzle  started at  11:10:59.481 (07/08/2020)
[INFO    ] 
[INFO    ] Interpreted paramDict with single=False as:
{'build': True, 'stepsize': 10, 'coeffs': True, 'wcskey': '', 'wht_type': 'EXP', 'kernel': 'square', 'wt_scl': 'exptime', 'pixfrac': 1.0, 'fillval': None, 'maskval': None, 'bits': 0, 'units': 'cps'}
[INFO    ] USER INPUT PARAMETERS for Final Drizzle Step:
[INFO    ] 	bits :	0
[INFO    ] 	build :	True
[INFO    ] 	clean :	False
[INFO    ] 	coeffs :	True
[INFO    ] 	crbit :	4096
[INFO    ] 	fillval :	None
[INFO    ] 	kernel :	square
[INFO    ] 	maskval :	None
[INFO    ] 	pixfrac :	1.0
[INFO    ] 	proc_unit :	native
[INFO    ] 	stepsize :	10
[INFO    ] 	units :	cps
[INFO    ] 	wcskey :	
[INFO    ] 	wht_type :	EXP
[INFO    ] 	wt_scl :	exptime
[INFO    ]   **Using sub-sampling value of 10 for kernel square
[INFO    ] Running Drizzle to create output frame with WCS of: 
[INFO    ] WCS Keywords
[INFO    ] 
[INFO    ] CD_11  CD_12: -2.9243570707528e-05 -2.1222998608594e-05
[INFO    ] CD_21  CD_22: -2.3663234259257e-05 2.60491438557356e-05
[INFO    ] CRVAL    : 194.2556769298195 22.02609672203769
[INFO    ] CRPIX    : 507.0 507.0
[INFO    ] NAXIS    : 1014 1014
[INFO    ] Plate Scale : 0.13542581245839821
[INFO    ] ORIENTAT : -39.17071040057575
[INFO    ] -Drizzle input: /Users/kbhirombhakdi/_work/Sidekicks/20200807/iab904mgq_GD153/iab904mgq_flt.fits[sci,1]
[INFO    ] Applying sky value of 2.203392 to /Users/kbhirombhakdi/_work/Sidekicks/20200807/iab904mgq_GD153/iab904mgq_flt.fits[sci,1]
[INFO    ] Applying EXPTIME weighting to DQ mask for chip 1
[INFO    ] Writing out mask file: /Users/kbhirombhakdi/_work/Sidekicks/20200807/iab904mgq_GD153/iab904mgq_sci1_final_mask.fits
[INFO    ] Using WCSLIB-based coordinate transformation...
[INFO    ] stepsize = 10
[INFO    ] -Drizzling using kernel = square

[WARNING ] ! 10156 points were outside the output image.
[INFO    ] -Drizzle input: /Users/kbhirombhakdi/_work/Sidekicks/20200807/iab904mkq_GD153/iab904mkq_flt.fits[sci,1]
[INFO    ] Applying sky value of 2.178194 to /Users/kbhirombhakdi/_work/Sidekicks/20200807/iab904mkq_GD153/iab904mkq_flt.fits[sci,1]
[INFO    ] Applying EXPTIME weighting to DQ mask for chip 1
[INFO    ] Writing out mask file: /Users/kbhirombhakdi/_work/Sidekicks/20200807/iab904mkq_GD153/iab904mkq_sci1_final_mask.fits
[INFO    ] Using WCSLIB-based coordinate transformation...
[INFO    ] stepsize = 10
[INFO    ] -Drizzling using kernel = square

[WARNING ] ! 7202 points were outside the output image.
[INFO    ] -Drizzle input: /Users/kbhirombhakdi/_work/Sidekicks/20200807/iab904mlq_GD153/iab904mlq_flt.fits[sci,1]
[INFO    ] Applying sky value of 2.157050 to /Users/kbhirombhakdi/_work/Sidekicks/20200807/iab904mlq_GD153/iab904mlq_flt.fits[sci,1]
[INFO    ] Applying EXPTIME weighting to DQ mask for chip 1
[INFO    ] Writing out mask file: /Users/kbhirombhakdi/_work/Sidekicks/20200807/iab904mlq_GD153/iab904mlq_sci1_final_mask.fits
[INFO    ] Using WCSLIB-based coordinate transformation...
[INFO    ] stepsize = 10
[INFO    ] -Drizzling using kernel = square

[WARNING ] ! 6912 points were outside the output image.
[INFO    ] -Drizzle input: /Users/kbhirombhakdi/_work/Sidekicks/20200807/iab904mmq_GD153/iab904mmq_flt.fits[sci,1]
[INFO    ] Applying sky value of 2.120927 to /Users/kbhirombhakdi/_work/Sidekicks/20200807/iab904mmq_GD153/iab904mmq_flt.fits[sci,1]
[INFO    ] Applying EXPTIME weighting to DQ mask for chip 1
[INFO    ] Writing out mask file: /Users/kbhirombhakdi/_work/Sidekicks/20200807/iab904mmq_GD153/iab904mmq_sci1_final_mask.fits
[INFO    ] Using WCSLIB-based coordinate transformation...
[INFO    ] stepsize = 10
[INFO    ] -Drizzling using kernel = square

[WARNING ] ! 9539 points were outside the output image.
[INFO    ] -Generating multi-extension output file:  GD153_drz.fits
[INFO    ] Writing out to disk: GD153_drz.fits
[WARNING ] /Users/kbhirombhakdi/anaconda3/envs/py3/lib/python3.7/site-packages/astropy/io/fits/card.py:1003: VerifyWarning: Card is too long, comment will be truncated.
  VerifyWarning)

[INFO    ] ==== Processing Step Final Drizzle finished at 11:11:01.870 (07/08/2020)
[INFO    ] 
[INFO    ] AstroDrizzle Version 3.1.6 is finished processing at 11:11:01.873 (07/08/2020).
[INFO    ] 
[INFO    ] 
[INFO    ] 
[INFO    ]    --------------------          --------------------
[INFO    ]                    Step          Elapsed time
[INFO    ]    --------------------          --------------------
[INFO    ] 
[INFO    ]          Initialization          0.8316 sec.
[INFO    ]             Static Mask          0.0019 sec.
[INFO    ]            Subtract Sky          0.6031 sec.
[INFO    ]        Separate Drizzle          1.0589 sec.
[INFO    ]           Create Median          0.6864 sec.
[INFO    ]                    Blot          1.3273 sec.
[INFO    ]                 Driz_CR          1.1635 sec.
[INFO    ]           Final Drizzle          2.3888 sec.
[INFO    ]    ====================          ====================
[INFO    ]                   Total          8.0615 sec.
[INFO    ] 
[INFO    ] Trailer file written to:  astrodrizzle.log
[INFO    ] Setting up logfile :  astrodrizzle.log
[INFO    ] AstroDrizzle Version 3.1.6 (2020-02-19 16:16:30 -0500) started at: 13:10:45.769 (07/08/2020)
[INFO    ] 
[INFO    ] Version Information
[INFO    ] --------------------
[INFO    ] Python Version [Clang 9.0.1 ]
[INFO    ] 3.7.6 | packaged by conda-forge | (default, Jun  1 2020, 18:33:30) 
[INFO    ] numpy Version -> 1.18.5 
[INFO    ] astropy Version -> 4.0.1.post1 
[INFO    ] stwcs Version -> 1.5.3 
[INFO    ] ==== Processing Step  Initialization  started at  13:10:45.772 (07/08/2020)
[INFO    ] 
[INFO    ] Executing serially
[INFO    ] Setting up output name: S03_drz.fits
[INFO    ] -Creating imageObject List as input for processing steps.
[INFO    ] Reading in MDRIZSKY of 0.01482329559066322
[INFO    ] Reading in MDRIZSKY of 0.02238105290635362
[INFO    ] Reading in MDRIZSKY of 0.007043172881424575
[INFO    ] Reading in MDRIZSKY of 0.001313613175265398
[INFO    ] Reading in MDRIZSKY of 0.0
[INFO    ] Reading in MDRIZSKY of 0.005466917354408505
[INFO    ] Reset bit values of 4096 to a value of 0 in /Users/kbhirombhakdi/_work/Sidekicks/20200807/idwbk4d0q_S03/idwbk4d0q_flt.fits[DQ,1]
[INFO    ] Reset bit values of 4096 to a value of 0 in /Users/kbhirombhakdi/_work/Sidekicks/20200807/idwbk4d6q_S03/idwbk4d6q_flt.fits[DQ,1]
[INFO    ] Reset bit values of 4096 to a value of 0 in /Users/kbhirombhakdi/_work/Sidekicks/20200807/idwbk4d2q_S03/idwbk4d2q_flt.fits[DQ,1]
[INFO    ] Reset bit values of 4096 to a value of 0 in /Users/kbhirombhakdi/_work/Sidekicks/20200807/idwbk4d8q_S03/idwbk4d8q_flt.fits[DQ,1]
[INFO    ] Reset bit values of 4096 to a value of 0 in /Users/kbhirombhakdi/_work/Sidekicks/20200807/idwbk4d3q_S03/idwbk4d3q_flt.fits[DQ,1]
[INFO    ] Reset bit values of 4096 to a value of 0 in /Users/kbhirombhakdi/_work/Sidekicks/20200807/idwbk4d9q_S03/idwbk4d9q_flt.fits[DQ,1]
[INFO    ] -Creating output WCS.
[INFO    ] Creating OUTPUT WCS from ./idwbk4d0q_S03/idwbk4d0q_flt.fits[1]
[INFO    ] WCS Keywords
[INFO    ] 
[INFO    ] CD_11  CD_12: -1.8535098079544e-06 -3.356512942226e-05
[INFO    ] CD_21  CD_22: -3.7573026532114e-05 1.54323350039e-06
[INFO    ] CRVAL    : 44.535928876384 -8.9662964459753
[INFO    ] CRPIX    : 507.0 507.0
[INFO    ] NAXIS    : 1014 1014
[INFO    ] Plate Scale : 0.13542737893509194
[INFO    ] ORIENTAT : -87.36754952931935
[INFO    ] ********************************************************************************
[INFO    ] *
[INFO    ] *  Estimated memory usage:  up to 117 Mb.
[INFO    ] *  Output image size:       1014 X 1014 pixels. 
[INFO    ] *  Output image file:       ~ 11 Mb. 
[INFO    ] *  Cores available:         6
[INFO    ] *
[INFO    ] ********************************************************************************
[INFO    ] ==== Processing Step Initialization finished at 13:10:46.812 (07/08/2020)
[INFO    ] USER INPUT PARAMETERS common to all Processing Steps:
[INFO    ] 	build :	True
[INFO    ] 	coeffs :	True
[INFO    ] 	context :	True
[INFO    ] 	crbit :	4096
[INFO    ] 	group :	
[INFO    ] 	in_memory :	False
[INFO    ] 	input :	['./idwbk4d0q_S03/idwbk4d0q_flt.fits', './idwbk4d6q_S03/idwbk4d6q_flt.fits', './idwbk4d2q_S03/idwbk4d2q_flt.fits', './idwbk4d8q_S03/idwbk4d8q_flt.fits', './idwbk4d3q_S03/idwbk4d3q_flt.fits', './idwbk4d9q_S03/idwbk4d9q_flt.fits']
[INFO    ] 	mdriztab :	False
[INFO    ] 	num_cores :	None
[INFO    ] 	output :	S03
[INFO    ] 	proc_unit :	native
[INFO    ] 	resetbits :	4096
[INFO    ] 	runfile :	astrodrizzle.log
[INFO    ] 	stepsize :	10
[INFO    ] 	updatewcs :	False
[INFO    ] 	wcskey :	
[INFO    ] ==== Processing Step  Static Mask  started at  13:10:46.815 (07/08/2020)
[INFO    ] 
[INFO    ] Static Mask step not performed.
[INFO    ] ==== Processing Step Static Mask finished at 13:10:46.818 (07/08/2020)
[INFO    ] ==== Processing Step  Subtract Sky  started at  13:10:46.819 (07/08/2020)
[INFO    ] 
[INFO    ] USER INPUT PARAMETERS for Sky Subtraction Step:
[INFO    ] 	sky_bits :	0
[INFO    ] 	skyclip :	5
[INFO    ] 	skyfile :	
[INFO    ] 	skylower :	None
[INFO    ] 	skylsigma :	4.0
[INFO    ] 	skymask_cat :	
[INFO    ] 	skymethod :	localmin
[INFO    ] 	skystat :	median
[INFO    ] 	skysub :	True
[INFO    ] 	skyupper :	None
[INFO    ] 	skyuser :	
[INFO    ] 	skyusigma :	4.0
[INFO    ] 	skywidth :	0.1
[INFO    ] 	use_static :	True
[WARNING ] Static mask for file '/Users/kbhirombhakdi/_work/Sidekicks/20200807/idwbk4d0q_S03/idwbk4d0q_flt.fits', ext=('SCI', 1) NOT FOUND.
[WARNING ] Static mask for file '/Users/kbhirombhakdi/_work/Sidekicks/20200807/idwbk4d6q_S03/idwbk4d6q_flt.fits', ext=('SCI', 1) NOT FOUND.
[WARNING ] Static mask for file '/Users/kbhirombhakdi/_work/Sidekicks/20200807/idwbk4d2q_S03/idwbk4d2q_flt.fits', ext=('SCI', 1) NOT FOUND.
[WARNING ] Static mask for file '/Users/kbhirombhakdi/_work/Sidekicks/20200807/idwbk4d8q_S03/idwbk4d8q_flt.fits', ext=('SCI', 1) NOT FOUND.
[WARNING ] Static mask for file '/Users/kbhirombhakdi/_work/Sidekicks/20200807/idwbk4d3q_S03/idwbk4d3q_flt.fits', ext=('SCI', 1) NOT FOUND.
[WARNING ] Static mask for file '/Users/kbhirombhakdi/_work/Sidekicks/20200807/idwbk4d9q_S03/idwbk4d9q_flt.fits', ext=('SCI', 1) NOT FOUND.
[INFO    ] ***** skymatch started on 2020-08-07 13:10:46.948450
[INFO    ]       Version 1.0.5
[INFO    ] 
[INFO    ] 'skymatch' task will apply computed sky differences to input image file(s).
[INFO    ] 
[INFO    ] NOTE: Computed sky values WILL NOT be subtracted from image data ('subtractsky'=False).
[INFO    ] 'MDRIZSKY' header keyword will represent sky value *computed* from data.
[INFO    ] 
[INFO    ] -----  User specified keywords:  -----
[INFO    ]        Sky Value Keyword:  'MDRIZSKY'
[INFO    ]        Data Units Keyword: 'BUNIT'
[INFO    ] 
[INFO    ] 
[INFO    ] -----  Input file list:  -----
[INFO    ] 
[INFO    ]    **  Input image: 'idwbk4d0q_flt.fits'
[INFO    ]        EXT: 'SCI',1;	MASK: idwbk4d0q_skymatch_mask_sci1.fits[0]
[INFO    ] 
[INFO    ]    **  Input image: 'idwbk4d6q_flt.fits'
[INFO    ]        EXT: 'SCI',1;	MASK: idwbk4d6q_skymatch_mask_sci1.fits[0]
[INFO    ] 
[INFO    ]    **  Input image: 'idwbk4d2q_flt.fits'
[INFO    ]        EXT: 'SCI',1;	MASK: idwbk4d2q_skymatch_mask_sci1.fits[0]
[INFO    ] 
[INFO    ]    **  Input image: 'idwbk4d8q_flt.fits'
[INFO    ]        EXT: 'SCI',1;	MASK: idwbk4d8q_skymatch_mask_sci1.fits[0]
[INFO    ] 
[INFO    ]    **  Input image: 'idwbk4d3q_flt.fits'
[INFO    ]        EXT: 'SCI',1;	MASK: idwbk4d3q_skymatch_mask_sci1.fits[0]
[INFO    ] 
[INFO    ]    **  Input image: 'idwbk4d9q_flt.fits'
[INFO    ]        EXT: 'SCI',1;	MASK: idwbk4d9q_skymatch_mask_sci1.fits[0]
[INFO    ] 
[INFO    ] -----  Sky statistics parameters:  -----
[INFO    ]        statistics function: 'median'
[INFO    ]        lower = None
[INFO    ]        upper = None
[INFO    ]        nclip = 5
[INFO    ]        lsigma = 4.0
[INFO    ]        usigma = 4.0
[INFO    ]        binwidth = 0.1
[INFO    ] 
[INFO    ] -----  Data->Brightness conversion parameters for input files:  -----
[INFO    ] 
[INFO    ]    *   Image: idwbk4d0q_flt.fits
[INFO    ]        EXT = 'SCI',1
[INFO    ]              Data units type: COUNT-RATE
[INFO    ]              Conversion factor (data->brightness):  60.797431635711504
[INFO    ] 
[INFO    ]    *   Image: idwbk4d6q_flt.fits
[INFO    ]        EXT = 'SCI',1
[INFO    ]              Data units type: COUNT-RATE
[INFO    ]              Conversion factor (data->brightness):  60.797431635711504
[INFO    ] 
[INFO    ]    *   Image: idwbk4d2q_flt.fits
[INFO    ]        EXT = 'SCI',1
[INFO    ]              Data units type: COUNT-RATE
[INFO    ]              Conversion factor (data->brightness):  60.797431635711504
[INFO    ] 
[INFO    ]    *   Image: idwbk4d8q_flt.fits
[INFO    ]        EXT = 'SCI',1
[INFO    ]              Data units type: COUNT-RATE
[INFO    ]              Conversion factor (data->brightness):  60.797431635711504
[INFO    ] 
[INFO    ]    *   Image: idwbk4d3q_flt.fits
[INFO    ]        EXT = 'SCI',1
[INFO    ]              Data units type: COUNT-RATE
[INFO    ]              Conversion factor (data->brightness):  60.797431635711504
[INFO    ] 
[INFO    ]    *   Image: idwbk4d9q_flt.fits
[INFO    ]        EXT = 'SCI',1
[INFO    ]              Data units type: COUNT-RATE
[INFO    ]              Conversion factor (data->brightness):  60.797431635711504
[INFO    ] 
[INFO    ] 
[INFO    ] -----  Computing sky values requested image extensions (detector chips):  -----
[INFO    ] 
[INFO    ]    *   Image:   'idwbk4d0q_flt.fits['SCI',1]'  --  SKY = 68.21399225782424 (brightness units)
[INFO    ]        Sky change (data units):
[INFO    ]       - EXT = 'SCI',1   delta(MDRIZSKY) = 1.12199   NEW MDRIZSKY = 1.12199
[INFO    ]    *   Image:   'idwbk4d6q_flt.fits['SCI',1]'  --  SKY = 68.34937052624774 (brightness units)
[INFO    ]        Sky change (data units):
[INFO    ]       - EXT = 'SCI',1   delta(MDRIZSKY) = 1.12421   NEW MDRIZSKY = 1.12421
[INFO    ]    *   Image:   'idwbk4d2q_flt.fits['SCI',1]'  --  SKY = 67.45847150117034 (brightness units)
[INFO    ]        Sky change (data units):
[INFO    ]       - EXT = 'SCI',1   delta(MDRIZSKY) = 1.10956   NEW MDRIZSKY = 1.10956
[INFO    ]    *   Image:   'idwbk4d8q_flt.fits['SCI',1]'  --  SKY = 67.1793657076595 (brightness units)
[INFO    ]        Sky change (data units):
[INFO    ]       - EXT = 'SCI',1   delta(MDRIZSKY) = 1.10497   NEW MDRIZSKY = 1.10497
[INFO    ]    *   Image:   'idwbk4d3q_flt.fits['SCI',1]'  --  SKY = 66.97122859579132 (brightness units)
[INFO    ]        Sky change (data units):
[INFO    ]       - EXT = 'SCI',1   delta(MDRIZSKY) = 1.10155   NEW MDRIZSKY = 1.10155
[INFO    ]    *   Image:   'idwbk4d9q_flt.fits['SCI',1]'  --  SKY = 66.95250074924674 (brightness units)
[INFO    ]        Sky change (data units):
[INFO    ]       - EXT = 'SCI',1   delta(MDRIZSKY) = 1.10124   NEW MDRIZSKY = 1.10124
[INFO    ] ***** skymatch ended on 2020-08-07 13:10:47.445698
[INFO    ] TOTAL RUN TIME: 0:00:00.497248
[INFO    ] ==== Processing Step Subtract Sky finished at 13:10:47.578 (07/08/2020)
[INFO    ] ==== Processing Step  Separate Drizzle  started at  13:10:47.579 (07/08/2020)
[INFO    ] 
[INFO    ] Interpreted paramDict with single=True as:
{'build': True, 'stepsize': 10, 'coeffs': True, 'wcskey': '', 'kernel': 'turbo', 'wt_scl': 'exptime', 'pixfrac': 1.0, 'fillval': None, 'bits': 0, 'compress': False, 'units': 'cps'}
[INFO    ] USER INPUT PARAMETERS for Separate Drizzle Step:
[INFO    ] 	bits :	0
[INFO    ] 	build :	False
[INFO    ] 	clean :	False
[INFO    ] 	coeffs :	True
[INFO    ] 	compress :	False
[INFO    ] 	crbit :	None
[INFO    ] 	fillval :	None
[INFO    ] 	kernel :	turbo
[INFO    ] 	num_cores :	None
[INFO    ] 	pixfrac :	1.0
[INFO    ] 	proc_unit :	electrons
[INFO    ] 	stepsize :	10
[INFO    ] 	units :	cps
[INFO    ] 	wcskey :	
[INFO    ] 	wht_type :	None
[INFO    ] 	wt_scl :	exptime
[INFO    ]   **Using sub-sampling value of 10 for kernel turbo
[INFO    ] Running Drizzle to create output frame with WCS of: 
[INFO    ] WCS Keywords
[INFO    ] 
[INFO    ] Number of WCS axes: 2
[INFO    ] CTYPE : 'RA---TAN'  'DEC--TAN'  
[INFO    ] CRVAL : 44.53601812784519  -8.965889936474689  
[INFO    ] CRPIX : 556.5  490.5  
[INFO    ] CD1_1 CD1_2  : -1.8652249942292312e-06  -3.557613831411884e-05  
[INFO    ] CD2_1 CD2_2  : -3.557613831411884e-05  1.8652249942292312e-06  
[INFO    ] NAXIS : 1113  981
[INFO    ] Executing 6 parallel workers
[INFO    ] -Drizzle input: /Users/kbhirombhakdi/_work/Sidekicks/20200807/idwbk4d0q_S03/idwbk4d0q_flt.fits[sci,1]
[INFO    ] -Drizzle input: /Users/kbhirombhakdi/_work/Sidekicks/20200807/idwbk4d6q_S03/idwbk4d6q_flt.fits[sci,1]
[INFO    ] -Drizzle input: /Users/kbhirombhakdi/_work/Sidekicks/20200807/idwbk4d2q_S03/idwbk4d2q_flt.fits[sci,1]
[INFO    ] -Drizzle input: /Users/kbhirombhakdi/_work/Sidekicks/20200807/idwbk4d8q_S03/idwbk4d8q_flt.fits[sci,1]
[INFO    ] -Drizzle input: /Users/kbhirombhakdi/_work/Sidekicks/20200807/idwbk4d3q_S03/idwbk4d3q_flt.fits[sci,1]
[INFO    ] -Drizzle input: /Users/kbhirombhakdi/_work/Sidekicks/20200807/idwbk4d9q_S03/idwbk4d9q_flt.fits[sci,1]
[INFO    ] Applying sky value of 1.121988 to /Users/kbhirombhakdi/_work/Sidekicks/20200807/idwbk4d0q_S03/idwbk4d0q_flt.fits[sci,1]
[INFO    ] Applying sky value of 1.109561 to /Users/kbhirombhakdi/_work/Sidekicks/20200807/idwbk4d2q_S03/idwbk4d2q_flt.fits[sci,1]
[INFO    ] Applying sky value of 1.124215 to /Users/kbhirombhakdi/_work/Sidekicks/20200807/idwbk4d6q_S03/idwbk4d6q_flt.fits[sci,1]
[INFO    ] Applying sky value of 1.104970 to /Users/kbhirombhakdi/_work/Sidekicks/20200807/idwbk4d8q_S03/idwbk4d8q_flt.fits[sci,1]
[INFO    ] Applying sky value of 1.101547 to /Users/kbhirombhakdi/_work/Sidekicks/20200807/idwbk4d3q_S03/idwbk4d3q_flt.fits[sci,1]
[INFO    ] Applying sky value of 1.101239 to /Users/kbhirombhakdi/_work/Sidekicks/20200807/idwbk4d9q_S03/idwbk4d9q_flt.fits[sci,1]
[INFO    ] Writing out mask file: /Users/kbhirombhakdi/_work/Sidekicks/20200807/idwbk4d0q_S03/idwbk4d0q_sci1_single_mask.fits
[INFO    ] Using WCSLIB-based coordinate transformation...
[INFO    ] stepsize = 10
[INFO    ] -Drizzling using kernel = turbo

[INFO    ] Writing out mask file: /Users/kbhirombhakdi/_work/Sidekicks/20200807/idwbk4d2q_S03/idwbk4d2q_sci1_single_mask.fits
[INFO    ] Writing out mask file: /Users/kbhirombhakdi/_work/Sidekicks/20200807/idwbk4d6q_S03/idwbk4d6q_sci1_single_mask.fits
[INFO    ] Using WCSLIB-based coordinate transformation...
[INFO    ] Using WCSLIB-based coordinate transformation...
[INFO    ] stepsize = 10
[INFO    ] stepsize = 10
[INFO    ] -Drizzling using kernel = turbo

[INFO    ] -Drizzling using kernel = turbo

[INFO    ] Writing out mask file: /Users/kbhirombhakdi/_work/Sidekicks/20200807/idwbk4d8q_S03/idwbk4d8q_sci1_single_mask.fits
[INFO    ] Using WCSLIB-based coordinate transformation...
[INFO    ] stepsize = 10
[INFO    ] Writing out mask file: /Users/kbhirombhakdi/_work/Sidekicks/20200807/idwbk4d3q_S03/idwbk4d3q_sci1_single_mask.fits
[INFO    ] Writing out mask file: /Users/kbhirombhakdi/_work/Sidekicks/20200807/idwbk4d9q_S03/idwbk4d9q_sci1_single_mask.fits
[INFO    ] Using WCSLIB-based coordinate transformation...
[INFO    ] Using WCSLIB-based coordinate transformation...
[INFO    ] stepsize = 10
[INFO    ] stepsize = 10
[INFO    ] -Drizzling using kernel = turbo

[INFO    ] -Drizzling using kernel = turbo

[INFO    ] -Drizzling using kernel = turbo

[INFO    ] -Generating simple FITS output: /Users/kbhirombhakdi/_work/Sidekicks/20200807/idwbk4d0q_S03/idwbk4d0q_single_sci.fits
[INFO    ] -Generating simple FITS output: /Users/kbhirombhakdi/_work/Sidekicks/20200807/idwbk4d2q_S03/idwbk4d2q_single_sci.fits
[INFO    ] -Generating simple FITS output: /Users/kbhirombhakdi/_work/Sidekicks/20200807/idwbk4d6q_S03/idwbk4d6q_single_sci.fits
[INFO    ] -Generating simple FITS output: /Users/kbhirombhakdi/_work/Sidekicks/20200807/idwbk4d3q_S03/idwbk4d3q_single_sci.fits
[INFO    ] -Generating simple FITS output: /Users/kbhirombhakdi/_work/Sidekicks/20200807/idwbk4d9q_S03/idwbk4d9q_single_sci.fits
[INFO    ] -Generating simple FITS output: /Users/kbhirombhakdi/_work/Sidekicks/20200807/idwbk4d8q_S03/idwbk4d8q_single_sci.fits
[WARNING ] /Users/kbhirombhakdi/anaconda3/envs/py3/lib/python3.7/site-packages/astropy/io/fits/card.py:1003: VerifyWarning: Card is too long, comment will be truncated.
  VerifyWarning)

[WARNING ] /Users/kbhirombhakdi/anaconda3/envs/py3/lib/python3.7/site-packages/astropy/io/fits/card.py:1003: VerifyWarning: Card is too long, comment will be truncated.
  VerifyWarning)

[WARNING ] /Users/kbhirombhakdi/anaconda3/envs/py3/lib/python3.7/site-packages/astropy/io/fits/card.py:1003: VerifyWarning: Card is too long, comment will be truncated.
  VerifyWarning)

[WARNING ] /Users/kbhirombhakdi/anaconda3/envs/py3/lib/python3.7/site-packages/astropy/io/fits/card.py:1003: VerifyWarning: Card is too long, comment will be truncated.
  VerifyWarning)

[WARNING ] /Users/kbhirombhakdi/anaconda3/envs/py3/lib/python3.7/site-packages/astropy/io/fits/card.py:1003: VerifyWarning: Card is too long, comment will be truncated.
  VerifyWarning)

[WARNING ] /Users/kbhirombhakdi/anaconda3/envs/py3/lib/python3.7/site-packages/astropy/io/fits/card.py:1003: VerifyWarning: Card is too long, comment will be truncated.
  VerifyWarning)

[INFO    ] Writing out image to disk: /Users/kbhirombhakdi/_work/Sidekicks/20200807/idwbk4d0q_S03/idwbk4d0q_single_sci.fits
[INFO    ] Writing out image to disk: /Users/kbhirombhakdi/_work/Sidekicks/20200807/idwbk4d2q_S03/idwbk4d2q_single_sci.fits
[INFO    ] Writing out image to disk: /Users/kbhirombhakdi/_work/Sidekicks/20200807/idwbk4d3q_S03/idwbk4d3q_single_sci.fits
[INFO    ] Writing out image to disk: /Users/kbhirombhakdi/_work/Sidekicks/20200807/idwbk4d6q_S03/idwbk4d6q_single_sci.fits
[INFO    ] Writing out image to disk: /Users/kbhirombhakdi/_work/Sidekicks/20200807/idwbk4d8q_S03/idwbk4d8q_single_sci.fits
[INFO    ] Writing out image to disk: /Users/kbhirombhakdi/_work/Sidekicks/20200807/idwbk4d9q_S03/idwbk4d9q_single_sci.fits
[INFO    ] Writing out image to disk: /Users/kbhirombhakdi/_work/Sidekicks/20200807/idwbk4d0q_S03/idwbk4d0q_single_wht.fits
[INFO    ] Writing out image to disk: /Users/kbhirombhakdi/_work/Sidekicks/20200807/idwbk4d2q_S03/idwbk4d2q_single_wht.fits
[INFO    ] Writing out image to disk: /Users/kbhirombhakdi/_work/Sidekicks/20200807/idwbk4d3q_S03/idwbk4d3q_single_wht.fits
[INFO    ] Writing out image to disk: /Users/kbhirombhakdi/_work/Sidekicks/20200807/idwbk4d6q_S03/idwbk4d6q_single_wht.fits
[INFO    ] Writing out image to disk: /Users/kbhirombhakdi/_work/Sidekicks/20200807/idwbk4d9q_S03/idwbk4d9q_single_wht.fits
[INFO    ] Writing out image to disk: /Users/kbhirombhakdi/_work/Sidekicks/20200807/idwbk4d8q_S03/idwbk4d8q_single_wht.fits
[INFO    ] ==== Processing Step Separate Drizzle finished at 13:10:48.650 (07/08/2020)
[INFO    ] ==== Processing Step  Create Median  started at  13:10:48.655 (07/08/2020)
[INFO    ] 
[INFO    ] USER INPUT PARAMETERS for Create Median Step:
[INFO    ] 	combine_bufsize :	None
[INFO    ] 	combine_grow :	1
[INFO    ] 	combine_hthresh :	None
[INFO    ] 	combine_lthresh :	None
[INFO    ] 	combine_maskpt :	0.3
[INFO    ] 	combine_nhigh :	1
[INFO    ] 	combine_nlow :	0
[INFO    ] 	combine_nsigma :	4 3
[INFO    ] 	combine_type :	median
[INFO    ] 	compress :	False
[INFO    ] 	median :	True
[INFO    ] 	median_newmasks :	True
[INFO    ] 	proc_unit :	native
[INFO    ] reference sky value for image '/Users/kbhirombhakdi/_work/Sidekicks/20200807/idwbk4d0q_S03/idwbk4d0q_flt.fits' is 784.5304957547658
[INFO    ] reference sky value for image '/Users/kbhirombhakdi/_work/Sidekicks/20200807/idwbk4d6q_S03/idwbk4d6q_flt.fits' is 786.0874839404048
[INFO    ] reference sky value for image '/Users/kbhirombhakdi/_work/Sidekicks/20200807/idwbk4d2q_S03/idwbk4d2q_flt.fits' is 775.8412363498857
[INFO    ] reference sky value for image '/Users/kbhirombhakdi/_work/Sidekicks/20200807/idwbk4d8q_S03/idwbk4d8q_flt.fits' is 772.6312350099339
[INFO    ] reference sky value for image '/Users/kbhirombhakdi/_work/Sidekicks/20200807/idwbk4d3q_S03/idwbk4d3q_flt.fits' is 770.2374459037087
[INFO    ] reference sky value for image '/Users/kbhirombhakdi/_work/Sidekicks/20200807/idwbk4d9q_S03/idwbk4d9q_flt.fits' is 659.8978240875525
[INFO    ] Saving output median image to: 'S03_med.fits'
[INFO    ] ==== Processing Step Create Median finished at 13:10:49.628 (07/08/2020)
[INFO    ] ==== Processing Step  Blot  started at  13:10:49.630 (07/08/2020)
[INFO    ] 
[INFO    ] USER INPUT PARAMETERS for Blot Step:
[INFO    ] 	blot_addsky :	True
[INFO    ] 	blot_interp :	poly5
[INFO    ] 	blot_sinscl :	1.0
[INFO    ] 	blot_skyval :	0.0
[INFO    ] 	coeffs :	True
[INFO    ]     Blot: creating blotted image:  /Users/kbhirombhakdi/_work/Sidekicks/20200807/idwbk4d0q_S03/idwbk4d0q_flt.fits[sci,1]
[INFO    ] Using default C-based coordinate transformation...
[INFO    ] Applying sky value of 1.121988 to blotted image /Users/kbhirombhakdi/_work/Sidekicks/20200807/idwbk4d0q_S03/idwbk4d0q_flt.fits[sci,1]
[INFO    ] -Generating simple FITS output: /Users/kbhirombhakdi/_work/Sidekicks/20200807/idwbk4d0q_S03/idwbk4d0q_sci1_blt.fits
[INFO    ] Writing out image to disk: /Users/kbhirombhakdi/_work/Sidekicks/20200807/idwbk4d0q_S03/idwbk4d0q_sci1_blt.fits
[INFO    ]     Blot: creating blotted image:  /Users/kbhirombhakdi/_work/Sidekicks/20200807/idwbk4d6q_S03/idwbk4d6q_flt.fits[sci,1]
[INFO    ] Using default C-based coordinate transformation...
[INFO    ] Applying sky value of 1.124215 to blotted image /Users/kbhirombhakdi/_work/Sidekicks/20200807/idwbk4d6q_S03/idwbk4d6q_flt.fits[sci,1]
[INFO    ] -Generating simple FITS output: /Users/kbhirombhakdi/_work/Sidekicks/20200807/idwbk4d6q_S03/idwbk4d6q_sci1_blt.fits
[INFO    ] Writing out image to disk: /Users/kbhirombhakdi/_work/Sidekicks/20200807/idwbk4d6q_S03/idwbk4d6q_sci1_blt.fits
[INFO    ]     Blot: creating blotted image:  /Users/kbhirombhakdi/_work/Sidekicks/20200807/idwbk4d2q_S03/idwbk4d2q_flt.fits[sci,1]
[INFO    ] Using default C-based coordinate transformation...
[INFO    ] Applying sky value of 1.109561 to blotted image /Users/kbhirombhakdi/_work/Sidekicks/20200807/idwbk4d2q_S03/idwbk4d2q_flt.fits[sci,1]
[INFO    ] -Generating simple FITS output: /Users/kbhirombhakdi/_work/Sidekicks/20200807/idwbk4d2q_S03/idwbk4d2q_sci1_blt.fits
[INFO    ] Writing out image to disk: /Users/kbhirombhakdi/_work/Sidekicks/20200807/idwbk4d2q_S03/idwbk4d2q_sci1_blt.fits
[INFO    ]     Blot: creating blotted image:  /Users/kbhirombhakdi/_work/Sidekicks/20200807/idwbk4d8q_S03/idwbk4d8q_flt.fits[sci,1]
[INFO    ] Using default C-based coordinate transformation...
[INFO    ] Applying sky value of 1.104970 to blotted image /Users/kbhirombhakdi/_work/Sidekicks/20200807/idwbk4d8q_S03/idwbk4d8q_flt.fits[sci,1]
[INFO    ] -Generating simple FITS output: /Users/kbhirombhakdi/_work/Sidekicks/20200807/idwbk4d8q_S03/idwbk4d8q_sci1_blt.fits
[INFO    ] Writing out image to disk: /Users/kbhirombhakdi/_work/Sidekicks/20200807/idwbk4d8q_S03/idwbk4d8q_sci1_blt.fits
[INFO    ]     Blot: creating blotted image:  /Users/kbhirombhakdi/_work/Sidekicks/20200807/idwbk4d3q_S03/idwbk4d3q_flt.fits[sci,1]
[INFO    ] Using default C-based coordinate transformation...
[INFO    ] Applying sky value of 1.101547 to blotted image /Users/kbhirombhakdi/_work/Sidekicks/20200807/idwbk4d3q_S03/idwbk4d3q_flt.fits[sci,1]
[INFO    ] -Generating simple FITS output: /Users/kbhirombhakdi/_work/Sidekicks/20200807/idwbk4d3q_S03/idwbk4d3q_sci1_blt.fits
[INFO    ] Writing out image to disk: /Users/kbhirombhakdi/_work/Sidekicks/20200807/idwbk4d3q_S03/idwbk4d3q_sci1_blt.fits
[INFO    ]     Blot: creating blotted image:  /Users/kbhirombhakdi/_work/Sidekicks/20200807/idwbk4d9q_S03/idwbk4d9q_flt.fits[sci,1]
[INFO    ] Using default C-based coordinate transformation...
[INFO    ] Applying sky value of 1.101239 to blotted image /Users/kbhirombhakdi/_work/Sidekicks/20200807/idwbk4d9q_S03/idwbk4d9q_flt.fits[sci,1]
[INFO    ] -Generating simple FITS output: /Users/kbhirombhakdi/_work/Sidekicks/20200807/idwbk4d9q_S03/idwbk4d9q_sci1_blt.fits
[INFO    ] Writing out image to disk: /Users/kbhirombhakdi/_work/Sidekicks/20200807/idwbk4d9q_S03/idwbk4d9q_sci1_blt.fits
[INFO    ] ==== Processing Step Blot finished at 13:10:51.89 (07/08/2020)
[INFO    ] ==== Processing Step  Driz_CR  started at  13:10:51.894 (07/08/2020)
[INFO    ] 
[INFO    ] USER INPUT PARAMETERS for Driz_CR Step:
[INFO    ] 	crbit :	4096
[INFO    ] 	driz_cr :	True
[INFO    ] 	driz_cr_corr :	True
[INFO    ] 	driz_cr_ctegrow :	0
[INFO    ] 	driz_cr_grow :	1
[INFO    ] 	driz_cr_scale :	1.2 0.7
[INFO    ] 	driz_cr_snr :	3.5 3.0
[INFO    ] 	inmemory :	False
[INFO    ] Executing 6 parallel workers
[WARNING ] /Users/kbhirombhakdi/anaconda3/envs/py3/lib/python3.7/site-packages/drizzlepac/drizCR.py:205: RuntimeWarning: invalid value encountered in less_equal
  tmp1 = t1 <= t2

[WARNING ] /Users/kbhirombhakdi/anaconda3/envs/py3/lib/python3.7/site-packages/drizzlepac/drizCR.py:205: RuntimeWarning: invalid value encountered in less_equal
  tmp1 = t1 <= t2

[WARNING ] /Users/kbhirombhakdi/anaconda3/envs/py3/lib/python3.7/site-packages/drizzlepac/drizCR.py:205: RuntimeWarning: invalid value encountered in less_equal
  tmp1 = t1 <= t2

[WARNING ] /Users/kbhirombhakdi/anaconda3/envs/py3/lib/python3.7/site-packages/drizzlepac/drizCR.py:205: RuntimeWarning: invalid value encountered in less_equal
  tmp1 = t1 <= t2

[WARNING ] /Users/kbhirombhakdi/anaconda3/envs/py3/lib/python3.7/site-packages/drizzlepac/drizCR.py:215: RuntimeWarning: invalid value encountered in less_equal
  cr_mask = (t1 <= t2) | (tmp2 >= 9)

[WARNING ] /Users/kbhirombhakdi/anaconda3/envs/py3/lib/python3.7/site-packages/drizzlepac/drizCR.py:205: RuntimeWarning: invalid value encountered in less_equal
  tmp1 = t1 <= t2

[WARNING ] /Users/kbhirombhakdi/anaconda3/envs/py3/lib/python3.7/site-packages/drizzlepac/drizCR.py:205: RuntimeWarning: invalid value encountered in less_equal
  tmp1 = t1 <= t2

[WARNING ] /Users/kbhirombhakdi/anaconda3/envs/py3/lib/python3.7/site-packages/drizzlepac/drizCR.py:215: RuntimeWarning: invalid value encountered in less_equal
  cr_mask = (t1 <= t2) | (tmp2 >= 9)

[WARNING ] /Users/kbhirombhakdi/anaconda3/envs/py3/lib/python3.7/site-packages/drizzlepac/drizCR.py:215: RuntimeWarning: invalid value encountered in less_equal
  cr_mask = (t1 <= t2) | (tmp2 >= 9)

[WARNING ] /Users/kbhirombhakdi/anaconda3/envs/py3/lib/python3.7/site-packages/drizzlepac/drizCR.py:215: RuntimeWarning: invalid value encountered in less_equal
  cr_mask = (t1 <= t2) | (tmp2 >= 9)

[INFO    ] Creating output: /Users/kbhirombhakdi/_work/Sidekicks/20200807/idwbk4d0q_S03/idwbk4d0q_sci1_crmask.fits
[WARNING ] /Users/kbhirombhakdi/anaconda3/envs/py3/lib/python3.7/site-packages/drizzlepac/drizCR.py:215: RuntimeWarning: invalid value encountered in less_equal
  cr_mask = (t1 <= t2) | (tmp2 >= 9)

[INFO    ] Creating output: /Users/kbhirombhakdi/_work/Sidekicks/20200807/idwbk4d2q_S03/idwbk4d2q_sci1_crmask.fits
[INFO    ] Creating output: /Users/kbhirombhakdi/_work/Sidekicks/20200807/idwbk4d6q_S03/idwbk4d6q_sci1_crmask.fits
[WARNING ] /Users/kbhirombhakdi/anaconda3/envs/py3/lib/python3.7/site-packages/drizzlepac/drizCR.py:215: RuntimeWarning: invalid value encountered in less_equal
  cr_mask = (t1 <= t2) | (tmp2 >= 9)

[INFO    ] Creating output: /Users/kbhirombhakdi/_work/Sidekicks/20200807/idwbk4d8q_S03/idwbk4d8q_sci1_crmask.fits
[INFO    ] Creating output: /Users/kbhirombhakdi/_work/Sidekicks/20200807/idwbk4d9q_S03/idwbk4d9q_sci1_crmask.fits
[INFO    ] Creating output: /Users/kbhirombhakdi/_work/Sidekicks/20200807/idwbk4d3q_S03/idwbk4d3q_sci1_crmask.fits
[INFO    ] Created CR corrected file: '/Users/kbhirombhakdi/_work/Sidekicks/20200807/idwbk4d0q_S03/idwbk4d0q_crclean.fits'
[INFO    ] Created CR corrected file: '/Users/kbhirombhakdi/_work/Sidekicks/20200807/idwbk4d2q_S03/idwbk4d2q_crclean.fits'
[INFO    ] Created CR corrected file: '/Users/kbhirombhakdi/_work/Sidekicks/20200807/idwbk4d6q_S03/idwbk4d6q_crclean.fits'
[INFO    ] Created CR corrected file: '/Users/kbhirombhakdi/_work/Sidekicks/20200807/idwbk4d8q_S03/idwbk4d8q_crclean.fits'
[INFO    ] Created CR corrected file: '/Users/kbhirombhakdi/_work/Sidekicks/20200807/idwbk4d9q_S03/idwbk4d9q_crclean.fits'
[INFO    ] Created CR corrected file: '/Users/kbhirombhakdi/_work/Sidekicks/20200807/idwbk4d3q_S03/idwbk4d3q_crclean.fits'
[INFO    ] ==== Processing Step Driz_CR finished at 13:10:53.232 (07/08/2020)
[INFO    ] ==== Processing Step  Final Drizzle  started at  13:10:53.243 (07/08/2020)
[INFO    ] 
[INFO    ] Interpreted paramDict with single=False as:
{'build': True, 'stepsize': 10, 'coeffs': True, 'wcskey': '', 'wht_type': 'EXP', 'kernel': 'square', 'wt_scl': 'exptime', 'pixfrac': 1.0, 'fillval': None, 'maskval': None, 'bits': 0, 'units': 'cps'}
[INFO    ] USER INPUT PARAMETERS for Final Drizzle Step:
[INFO    ] 	bits :	0
[INFO    ] 	build :	True
[INFO    ] 	clean :	False
[INFO    ] 	coeffs :	True
[INFO    ] 	crbit :	4096
[INFO    ] 	fillval :	None
[INFO    ] 	kernel :	square
[INFO    ] 	maskval :	None
[INFO    ] 	pixfrac :	1.0
[INFO    ] 	proc_unit :	native
[INFO    ] 	stepsize :	10
[INFO    ] 	units :	cps
[INFO    ] 	wcskey :	
[INFO    ] 	wht_type :	EXP
[INFO    ] 	wt_scl :	exptime
[INFO    ]   **Using sub-sampling value of 10 for kernel square
[INFO    ] Running Drizzle to create output frame with WCS of: 
[INFO    ] WCS Keywords
[INFO    ] 
[INFO    ] CD_11  CD_12: -1.8535098079544e-06 -3.356512942226e-05
[INFO    ] CD_21  CD_22: -3.7573026532114e-05 1.54323350039e-06
[INFO    ] CRVAL    : 44.535928876384 -8.9662964459753
[INFO    ] CRPIX    : 507.0 507.0
[INFO    ] NAXIS    : 1014 1014
[INFO    ] Plate Scale : 0.13542737893509194
[INFO    ] ORIENTAT : -87.36754952931935
[INFO    ] -Drizzle input: /Users/kbhirombhakdi/_work/Sidekicks/20200807/idwbk4d0q_S03/idwbk4d0q_flt.fits[sci,1]
[INFO    ] Applying sky value of 1.121988 to /Users/kbhirombhakdi/_work/Sidekicks/20200807/idwbk4d0q_S03/idwbk4d0q_flt.fits[sci,1]
[INFO    ] Applying EXPTIME weighting to DQ mask for chip 1
[INFO    ] Writing out mask file: /Users/kbhirombhakdi/_work/Sidekicks/20200807/idwbk4d0q_S03/idwbk4d0q_sci1_final_mask.fits
[INFO    ] Using WCSLIB-based coordinate transformation...
[INFO    ] stepsize = 10
[INFO    ] -Drizzling using kernel = square

[WARNING ] ! 10156 points were outside the output image.
[INFO    ] -Drizzle input: /Users/kbhirombhakdi/_work/Sidekicks/20200807/idwbk4d6q_S03/idwbk4d6q_flt.fits[sci,1]
[INFO    ] Applying sky value of 1.124215 to /Users/kbhirombhakdi/_work/Sidekicks/20200807/idwbk4d6q_S03/idwbk4d6q_flt.fits[sci,1]
[INFO    ] Applying EXPTIME weighting to DQ mask for chip 1
[INFO    ] Writing out mask file: /Users/kbhirombhakdi/_work/Sidekicks/20200807/idwbk4d6q_S03/idwbk4d6q_sci1_final_mask.fits
[INFO    ] Using WCSLIB-based coordinate transformation...
[INFO    ] stepsize = 10
[INFO    ] -Drizzling using kernel = square

[WARNING ] ! 11704 points were outside the output image.
[INFO    ] -Drizzle input: /Users/kbhirombhakdi/_work/Sidekicks/20200807/idwbk4d2q_S03/idwbk4d2q_flt.fits[sci,1]
[INFO    ] Applying sky value of 1.109561 to /Users/kbhirombhakdi/_work/Sidekicks/20200807/idwbk4d2q_S03/idwbk4d2q_flt.fits[sci,1]
[INFO    ] Applying EXPTIME weighting to DQ mask for chip 1
[INFO    ] Writing out mask file: /Users/kbhirombhakdi/_work/Sidekicks/20200807/idwbk4d2q_S03/idwbk4d2q_sci1_final_mask.fits
[INFO    ] Using WCSLIB-based coordinate transformation...
[INFO    ] stepsize = 10
[INFO    ] -Drizzling using kernel = square

[WARNING ] ! 10849 points were outside the output image.
[INFO    ] -Drizzle input: /Users/kbhirombhakdi/_work/Sidekicks/20200807/idwbk4d8q_S03/idwbk4d8q_flt.fits[sci,1]
[INFO    ] Applying sky value of 1.104970 to /Users/kbhirombhakdi/_work/Sidekicks/20200807/idwbk4d8q_S03/idwbk4d8q_flt.fits[sci,1]
[INFO    ] Applying EXPTIME weighting to DQ mask for chip 1
[INFO    ] Writing out mask file: /Users/kbhirombhakdi/_work/Sidekicks/20200807/idwbk4d8q_S03/idwbk4d8q_sci1_final_mask.fits
[INFO    ] Using WCSLIB-based coordinate transformation...
[INFO    ] stepsize = 10
[INFO    ] -Drizzling using kernel = square

[WARNING ] ! 21548 points were outside the output image.
[INFO    ] -Drizzle input: /Users/kbhirombhakdi/_work/Sidekicks/20200807/idwbk4d3q_S03/idwbk4d3q_flt.fits[sci,1]
[INFO    ] Applying sky value of 1.101547 to /Users/kbhirombhakdi/_work/Sidekicks/20200807/idwbk4d3q_S03/idwbk4d3q_flt.fits[sci,1]
[INFO    ] Applying EXPTIME weighting to DQ mask for chip 1
[INFO    ] Writing out mask file: /Users/kbhirombhakdi/_work/Sidekicks/20200807/idwbk4d3q_S03/idwbk4d3q_sci1_final_mask.fits
[INFO    ] Using WCSLIB-based coordinate transformation...
[INFO    ] stepsize = 10
[INFO    ] -Drizzling using kernel = square

[WARNING ] ! 31221 points were outside the output image.
[INFO    ] -Drizzle input: /Users/kbhirombhakdi/_work/Sidekicks/20200807/idwbk4d9q_S03/idwbk4d9q_flt.fits[sci,1]
[INFO    ] Applying sky value of 1.101239 to /Users/kbhirombhakdi/_work/Sidekicks/20200807/idwbk4d9q_S03/idwbk4d9q_flt.fits[sci,1]
[INFO    ] Applying EXPTIME weighting to DQ mask for chip 1
[INFO    ] Writing out mask file: /Users/kbhirombhakdi/_work/Sidekicks/20200807/idwbk4d9q_S03/idwbk4d9q_sci1_final_mask.fits
[INFO    ] Using WCSLIB-based coordinate transformation...
[INFO    ] stepsize = 10
[INFO    ] -Drizzling using kernel = square

[WARNING ] ! 41811 points were outside the output image.
[INFO    ] -Generating multi-extension output file:  S03_drz.fits
[INFO    ] Deleted all instances of WCS with key A in extensions [1]
[INFO    ] Writing out to disk: S03_drz.fits
[WARNING ] /Users/kbhirombhakdi/anaconda3/envs/py3/lib/python3.7/site-packages/astropy/io/fits/card.py:1003: VerifyWarning: Card is too long, comment will be truncated.
  VerifyWarning)

[INFO    ] ==== Processing Step Final Drizzle finished at 13:10:56.398 (07/08/2020)
[INFO    ] 
[INFO    ] AstroDrizzle Version 3.1.6 is finished processing at 13:10:56.400 (07/08/2020).
[INFO    ] 
[INFO    ] 
[INFO    ] 
[INFO    ]    --------------------          --------------------
[INFO    ]                    Step          Elapsed time
[INFO    ]    --------------------          --------------------
[INFO    ] 
[INFO    ]          Initialization          1.0404 sec.
[INFO    ]             Static Mask          0.0025 sec.
[INFO    ]            Subtract Sky          0.7595 sec.
[INFO    ]        Separate Drizzle          1.0701 sec.
[INFO    ]           Create Median          0.9733 sec.
[INFO    ]                    Blot          2.2633 sec.
[INFO    ]                 Driz_CR          1.3381 sec.
[INFO    ]           Final Drizzle          3.1549 sec.
[INFO    ]    ====================          ====================
[INFO    ]                   Total          10.6022 sec.
[INFO    ] 
[INFO    ] Trailer file written to:  astrodrizzle.log
